Log file open, 02/01/17 15:06:02
LogInit:Display: Running engine for game: FlexPrototype
LogPlatformFile: Not using cached read wrapper
LogInit:Display: RandInit(-410302765) SRandInit(-410302763).
LogInit: Using version manifest at CL 0 with build ID 'd3add0f1-17ef-4da8-be7e-d9afcf78db9a'
LogTaskGraph: Started task graph with 4 named threads and 7 total threads with 1 sets of task threads.
LogStats: Stats thread started at 0.094229
LogInit: Version: 4.12.4-0+UE4
LogInit: API Version: 0
LogInit: Net Version: 0
LogDevObjectVersion: Number of dev versions registered: 13
LogDevObjectVersion:   Dev-Blueprints (B0D832E4-1F89-4F0D-ACCF-7EB736FD4AA2): 3
LogDevObjectVersion:   Dev-Build (E1C64328-A22C-4D53-A36C-8E866417BD8C): 0
LogDevObjectVersion:   Dev-Core (375EC13C-06E4-48FB-B500-84F0262A717E): 1
LogDevObjectVersion:   Dev-Editor (E4B068ED-F494-42E9-A231-DA0B2E46BB41): 2
LogDevObjectVersion:   Dev-Framework (CFFC743F-43B0-4480-9391-14DF171D2073): 6
LogDevObjectVersion:   Dev-Mobile (B02B49B5-BB20-44E9-A304-32B752E40360): 0
LogDevObjectVersion:   Dev-Networking (A4E4105C-59A1-49B5-A7C5-40C4547EDFEE): 0
LogDevObjectVersion:   Dev-Online (39C831C9-5AE6-47DC-9A44-9C173E1C8E7C): 0
LogDevObjectVersion:   Dev-Physics (78F01B33-EBEA-4F98-B9B4-84EACCB95AA2): 0
LogDevObjectVersion:   Dev-Platform (6631380F-2D4D-43E0-8009-CF276956A95A): 0
LogDevObjectVersion:   Dev-Rendering (12F88B9F-8875-4AFC-A67C-D90C383ABD29): 2
LogDevObjectVersion:   Dev-Sequencer (7B5AE74C-D270-4C10-A958-57980B212A5A): 0
LogDevObjectVersion:   Dev-VR (D7296918-1DD6-4BDD-9DE2-64A83CC13884): 0
LogInit: Compiled (64-bit): Jan 31 2017 12:42:42
LogInit: Compiled with Visual C++: 19.00.23026.00
LogInit: Build Configuration: Development
LogInit: Branch Name: UE4
LogInit: Command line:  
LogInit: Base directory: D:/UnrealEngine-FleX/Engine/Binaries/Win64/
LogInit: Installed Engine Build: 0
LogInit: Using libcurl 7.41.0
LogInit:  - built for x86_64-pc-win32
LogInit:  - supports SSL with WinSSL
LogInit:  - other features:
LogInit:      CURL_VERSION_SSL
LogInit:      CURL_VERSION_IPV6
LogInit:      CURL_VERSION_ASYNCHDNS
LogInit:      CURL_VERSION_LARGEFILE
LogInit:      CURL_VERSION_IDN
LogInit:  CurlRequestOptions (configurable via config and command line):
LogInit:  - bVerifyPeer = true  - Libcurl will verify peer certificate
LogInit:  - bUseHttpProxy = false  - Libcurl will NOT use HTTP proxy
LogInit:  - bDontReuseConnections = false  - Libcurl will reuse connections
LogInit:  - CertBundlePath = nullptr  - Libcurl will use whatever was configured at build time.
LogInit: Presizing for max 8388607 objects, including 0 objects not considered by GC, pre-allocating 0 bytes for permanent pool.
LogInit: Object subsystem initialized
[2017.02.01-15.06.02:385][  0]LogInit: Selected Device Profile: [Windows]
[2017.02.01-15.06.02:385][  0]LogInit: Applying CVar settings loaded from the selected device profile: [Windows]
[2017.02.01-15.06.02:396][  0]LogInit: Computer: TERRAN46
[2017.02.01-15.06.02:396][  0]LogInit: User: b3038557
[2017.02.01-15.06.02:396][  0]LogInit: CPU Page size=65536, Cores=4
[2017.02.01-15.06.02:396][  0]LogInit: High frequency timer resolution =3.117775 MHz
[2017.02.01-15.06.02:396][  0]LogMemory: Memory total: Physical=7.8GB (8GB approx)
[2017.02.01-15.06.02:396][  0]LogMemory: Platform Memory Stats for Windows
[2017.02.01-15.06.02:396][  0]LogMemory: Process Physical Memory: 188.20 MB used, 188.20 MB peak
[2017.02.01-15.06.02:396][  0]LogMemory: Process Virtual Memory: 194.81 MB used, 194.81 MB peak
[2017.02.01-15.06.02:396][  0]LogMemory: Physical Memory: 3707.45 MB used, 8032.55 MB total
[2017.02.01-15.06.02:396][  0]LogMemory: Virtual Memory: 529.79 MB used, 134217728.00 MB total
[2017.02.01-15.06.02:770][  0]LogTextLocalizationManager: No specific translations for ('en-GB') exist, so ('en') translations will be used.
[2017.02.01-15.06.03:075][  0]LogD3D11RHI: D3D11 adapters:
[2017.02.01-15.06.03:096][  0]LogD3D11RHI:    0. 'NVIDIA GeForce GTX 970' (Feature Level 11_0)
[2017.02.01-15.06.03:096][  0]LogD3D11RHI:       3991/0/4016 MB DedicatedVideo/DedicatedSystem/SharedSystem, Outputs:2, VendorId:0x10de
[2017.02.01-15.06.03:101][  0]LogD3D11RHI:    1. 'Intel(R) HD Graphics 4600' (Feature Level 11_0)
[2017.02.01-15.06.03:101][  0]LogD3D11RHI:       32/0/1760 MB DedicatedVideo/DedicatedSystem/SharedSystem, Outputs:0, VendorId:0x8086
[2017.02.01-15.06.03:102][  0]LogD3D11RHI:    2. 'Microsoft Basic Render Driver' (Feature Level 11_0)
[2017.02.01-15.06.03:102][  0]LogD3D11RHI:       0/0/256 MB DedicatedVideo/DedicatedSystem/SharedSystem, Outputs:0, VendorId:0x1414
[2017.02.01-15.06.03:102][  0]LogD3D11RHI: Chosen D3D11 Adapter: 0
[2017.02.01-15.06.03:105][  0]LogD3D11RHI: Creating new Direct3DDevice
[2017.02.01-15.06.03:105][  0]LogD3D11RHI:     GPU DeviceId: 0x13c2 (for the marketing name, search the web for "GPU Device Id")
[2017.02.01-15.06.03:105][  0]LogWindows: EnumDisplayDevices:
[2017.02.01-15.06.03:106][  0]LogWindows:    0. 'NVIDIA GeForce GTX 970' (P:0 D:1)
[2017.02.01-15.06.03:106][  0]LogWindows:    1. 'NVIDIA GeForce GTX 970' (P:1 D:1)
[2017.02.01-15.06.03:106][  0]LogWindows:    2. 'NVIDIA GeForce GTX 970' (P:0 D:0)
[2017.02.01-15.06.03:106][  0]LogWindows:    3. 'NVIDIA GeForce GTX 970' (P:0 D:0)
[2017.02.01-15.06.03:106][  0]LogWindows:    4. 'Intel(R) HD Graphics 4600' (P:0 D:0)
[2017.02.01-15.06.03:106][  0]LogWindows:    5. 'Intel(R) HD Graphics 4600' (P:0 D:0)
[2017.02.01-15.06.03:106][  0]LogWindows:    6. 'Intel(R) HD Graphics 4600' (P:0 D:0)
[2017.02.01-15.06.03:106][  0]LogWindows: DebugString: PrimaryIsNotTheChoosenAdapter PrimaryIsNotTheChoosenAdapter PrimaryIsNotTheChoosenAdapter FoundDriverCount:4 
[2017.02.01-15.06.03:106][  0]LogD3D11RHI:     Adapter Name: NVIDIA GeForce GTX 970
[2017.02.01-15.06.03:106][  0]LogD3D11RHI:   Driver Version: 373.06 (internal:21.21.13.7306, unified:373.06)
[2017.02.01-15.06.03:106][  0]LogD3D11RHI:      Driver Date: 10-1-2016
[2017.02.01-15.06.03:106][  0]LogRHI: Texture pool is 1361 MB (70% of 1945 MB)
[2017.02.01-15.06.03:116][  0]LogD3D11RHI: Async texture creation enabled
[2017.02.01-15.06.03:132][  0]LogD3D11RHI: GPU Timing Frequency: 1000.000000 (Debug: 2 2)
[2017.02.01-15.06.03:132][  0]LogShaderCompilers: Guid format shader working directory is -39 characters bigger than the processId version (../../../../Documents/CSC8505 - Game Industry Skills/Prototype/PrototypeCW/FlexPrototype/Intermediate/Shaders/WorkingDirectory/4116/).
[2017.02.01-15.06.03:132][  0]LogShaderCompilers: Cleaned the shader compiler working directory 'C:/Users/b3038557/AppData/Local/Temp/UnrealShaderWorkingDir/C49B6E124FD49E6EB385CEB96FC5EBA4/'.
[2017.02.01-15.06.03:132][  0]LogShaderCompilers:Display: Using Local Shader Compiler.
[2017.02.01-15.06.03:738][  0]LogTemp:Display: Loaded TP WindowsTargetPlatform
[2017.02.01-15.06.03:744][  0]LogTemp:Display: Loaded TP WindowsNoEditorTargetPlatform
[2017.02.01-15.06.03:750][  0]LogTemp:Display: Loaded TP WindowsServerTargetPlatform
[2017.02.01-15.06.03:756][  0]LogTemp:Display: Loaded TP WindowsClientTargetPlatform
[2017.02.01-15.06.03:761][  0]LogTemp:Display: Loaded TP AllDesktopTargetPlatform
[2017.02.01-15.06.03:766][  0]LogTemp:Display: Loaded TP AndroidTargetPlatform
[2017.02.01-15.06.03:772][  0]LogTemp:Display: Loaded TP Android_PVRTCTargetPlatform
[2017.02.01-15.06.03:777][  0]LogTemp:Display: Loaded TP Android_ATCTargetPlatform
[2017.02.01-15.06.03:782][  0]LogTemp:Display: Loaded TP Android_DXTTargetPlatform
[2017.02.01-15.06.03:787][  0]LogTemp:Display: Loaded TP Android_ETC1TargetPlatform
[2017.02.01-15.06.03:792][  0]LogTemp:Display: Loaded TP Android_ETC2TargetPlatform
[2017.02.01-15.06.03:798][  0]LogTemp:Display: Loaded TP Android_ASTCTargetPlatform
[2017.02.01-15.06.03:803][  0]LogTemp:Display: Loaded TP Android_MultiTargetPlatform
[2017.02.01-15.06.03:803][  0]LogTemp:Display: Loaded TP HTML5TargetPlatform
[2017.02.01-15.06.03:822][  0]LogTemp:Display: Loaded TP IOSTargetPlatform
[2017.02.01-15.06.03:827][  0]LogTemp:Display: Loaded TP TVOSTargetPlatform
[2017.02.01-15.06.03:827][  0]LogTargetPlatformManager:Display: Building Assets For Windows
[2017.02.01-15.06.03:870][  0]LogDerivedDataCache:Display: Max Cache Size: 512 MB
[2017.02.01-15.06.03:930][  0]LogDerivedDataCache: Loaded boot cache 0.06s 54MB ../../../../Documents/CSC8505 - Game Industry Skills/Prototype/PrototypeCW/FlexPrototype/DerivedDataCache/Boot.ddc.
[2017.02.01-15.06.03:930][  0]LogDerivedDataCache:Display: Loaded Boot cache: ../../../../Documents/CSC8505 - Game Industry Skills/Prototype/PrototypeCW/FlexPrototype/DerivedDataCache/Boot.ddc
[2017.02.01-15.06.03:930][  0]LogDerivedDataCache: FDerivedDataBackendGraph:  Pak pak cache file ../../../../Documents/CSC8505 - Game Industry Skills/Prototype/PrototypeCW/FlexPrototype/DerivedDataCache/DDC.ddp not found, will not use a pak cache.
[2017.02.01-15.06.03:930][  0]LogDerivedDataCache: Unable to find inner node Pak for hierarchical cache Hierarchy.
[2017.02.01-15.06.03:930][  0]LogDerivedDataCache: FDerivedDataBackendGraph:  EnginePak pak cache file ../../../Engine/DerivedDataCache/DDC.ddp not found, will not use a pak cache.
[2017.02.01-15.06.03:930][  0]LogDerivedDataCache: Unable to find inner node EnginePak for hierarchical cache Hierarchy.
[2017.02.01-15.06.03:942][  0]LogDerivedDataCache: Using Local data cache path ../../../Engine/DerivedDataCache: Writable
[2017.02.01-15.06.03:942][  0]LogDerivedDataCache: Shared data cache path not found in *engine.ini, will not use an Shared cache.
[2017.02.01-15.06.03:942][  0]LogDerivedDataCache: Unable to find inner node Shared for hierarchical cache Hierarchy.
[2017.02.01-15.06.04:085][  0]LogInit: Selected Device Profile: [Windows]
[2017.02.01-15.06.04:086][  0]LogContentStreaming: Texture pool size is 0.00 MB
[2017.02.01-15.06.04:229][  0]LogMeshUtilities: No automatic mesh reduction module available
[2017.02.01-15.06.04:229][  0]LogMeshUtilities: No automatic mesh merging module available
[2017.02.01-15.06.04:229][  0]LogMeshUtilities: No distributed automatic mesh merging module available
[2017.02.01-15.06.04:452][  0]LogAssetRegistry: FAssetRegistry took 0.0215 seconds to start up
[2017.02.01-15.06.04:471][  0]LogPackageLocalizationCache: Processed 3 localized package path(s) for 2 prioritized culture(s) in 0.018283 seconds
[2017.02.01-15.06.04:475][  0]LogUObjectArray: 28947 objects as part of root set at end of initial load.
[2017.02.01-15.06.04:475][  0]LogUObjectAllocator: 5900040 out of 0 bytes used by permanent object pool.
[2017.02.01-15.06.04:475][  0]LogUObjectArray: CloseDisregardForGC: 0/0 objects in disregard for GC pool
[2017.02.01-15.06.04:478][  0]LogInit: WinSock: version 1.1 (2.2), MaxSocks=32767, MaxUdp=65467
[2017.02.01-15.06.04:605][  0]LogSlate: SlateFontCache - WITH_FREETYPE: 1, WITH_HARFBUZZ: 1
[2017.02.01-15.06.04:605][  0]LogSlate: SlateFontCache - WITH_FREETYPE: 1, WITH_HARFBUZZ: 1
[2017.02.01-15.06.05:131][  0]LogUdpMessaging: Initializing bridge on interface 0.0.0.0:0 to multicast group 230.0.0.1:6666.
[2017.02.01-15.06.05:309][  0]SourceControl: Info Source control is disabled
[2017.02.01-15.06.05:309][  0]SourceControl: Info Source control is disabled
[2017.02.01-15.06.05:316][  0]SourceControl: Info Source control is disabled
[2017.02.01-15.06.05:321][  0]SourceControl: Info Source control is disabled
[2017.02.01-15.06.05:478][  0]LogEngine: Initializing Engine...
[2017.02.01-15.06.05:479][  0]LogHMD: SteamVR failed to initialize.  Err: 110
[2017.02.01-15.06.05:479][  0]LogHMD: SteamVR failed to initialize.  Err: 110
[2017.02.01-15.06.05:625][  0]LogAIModule: Creating AISystem for world NewWorld
[2017.02.01-15.06.05:627][  0]LogInit: No audio devices found!
[2017.02.01-15.06.05:657][  0]LogDerivedDataCache: Saved boot cache 0.03s 54MB ../../../../Documents/CSC8505 - Game Industry Skills/Prototype/PrototypeCW/FlexPrototype/DerivedDataCache/Boot.ddc.
[2017.02.01-15.06.05:667][  0]LogInit: Texture streaming: Enabled
[2017.02.01-15.06.05:680][  0]LogInit: Transaction tracking system initialized
[2017.02.01-15.06.05:695][  0]BlueprintLog: New page: Editor Load
[2017.02.01-15.06.05:731][  0]LocalizationService: Info Localization service is disabled
[2017.02.01-15.06.05:773][  0]LogConsoleResponse:Display: 
[2017.02.01-15.06.05:879][  0]LogCook:Display: Max memory allowance for cook 8192mb
[2017.02.01-15.06.05:879][  0]LogCook:Display: Mobile HDR setting 1
[2017.02.01-15.06.05:937][  0]LogFileCache: Scanning file cache for directory 'D:/Documents/CSC8505 - Game Industry Skills/Prototype/PrototypeCW/FlexPrototype/Content/' took 0.01s
[2017.02.01-15.06.05:937][  0]SourceControl: Info Source control is disabled
[2017.02.01-15.06.17:318][  0]LogWindowsTextInputMethodSystem:Display: IME system now deactivated.
[2017.02.01-15.06.17:339][  0]LogWindowsTextInputMethodSystem:Display: IME system now deactivated.
[2017.02.01-15.06.17:341][  0]Cmd: MAP LOAD FILE="../../../../Documents/CSC8505 - Game Industry Skills/Prototype/PrototypeCW/FlexPrototype/Content/RollingBP/Maps/RollingBPExampleMap.umap" TEMPLATE=0 SHOWPROGRESS=1 FEATURELEVEL=3
[2017.02.01-15.06.17:343][  0]LightingResults: New page: Lighting Build
[2017.02.01-15.06.17:350][  0]MapCheck: New page: Map Check
[2017.02.01-15.06.17:350][  0]LightingResults: New page: Lighting Build
[2017.02.01-15.06.17:794][  0]LogAIModule: Creating AISystem for world RollingBPExampleMap
[2017.02.01-15.06.17:809][  0]LogEditorServer: Finished looking for orphan Actors (0.000 secs)
[2017.02.01-15.06.17:810][  0]Cmd: MAP CHECKDEP NOCLEARLOG
[2017.02.01-15.06.17:846][  0]MapCheck: Info Map check complete: 0 Error(s), 0 Warning(s), took 35.641ms to complete.
[2017.02.01-15.06.17:846][  0]LogFileHelpers: Loading map 'RollingBPExampleMap' took 0.505
[2017.02.01-15.06.17:849][  0]LogWindowsTextInputMethodSystem:Display: IME system now deactivated.
[2017.02.01-15.06.17:939][  0]LogStats:Warning: MetaData mismatch. Did you assign a stat to two groups? New //STATGROUP_Threads//SplashScreenThread///Thread_8cc_0///####STATCAT_Advanced#### old //STATGROUP_Threads//SplashScreenThread///Thread_1e0c_0///####STATCAT_Advanced####
[2017.02.01-15.06.17:939][  0]LogCollectionManager: Loaded 0 collections in 0.000588 seconds
[2017.02.01-15.06.17:980][  0]LogFileCache: Scanning file cache for directory 'D:/Documents/CSC8505 - Game Industry Skills/Prototype/PrototypeCW/FlexPrototype/Saved/Collections/' took 0.01s
[2017.02.01-15.06.17:980][  0]LogFileCache: Scanning file cache for directory 'D:/Documents/CSC8505 - Game Industry Skills/Prototype/PrototypeCW/FlexPrototype/Content/Developers/b3038557/Collections/' took 0.01s
[2017.02.01-15.06.17:980][  0]LogFileCache: Scanning file cache for directory 'D:/Documents/CSC8505 - Game Industry Skills/Prototype/PrototypeCW/FlexPrototype/Content/Collections/' took 0.01s
[2017.02.01-15.06.17:980][  0]LogCollectionManager: Rebuilt the GUID cache for 0 collections in 0.000002 seconds
[2017.02.01-15.06.17:986][  0]LogContentBrowser: Native class hierarchy populated in 0.0064 seconds. Added 2065 classes and 368 folders.
[2017.02.01-15.06.17:988][  0]LogStats: UGameplayTagsManager::ConstructGameplayTagTree: Construct from data asset -  0.000 s
[2017.02.01-15.06.17:988][  0]LogStats: UGameplayTagsManager::ConstructGameplayTagTree: GameplayTagTreeChangedEvent.Broadcast -  0.000 s
[2017.02.01-15.06.17:988][  0]LogContentBrowser: Native class hierarchy updated for 'GameplayTags' in 0.0003 seconds. Added 12 classes and 0 folders.
[2017.02.01-15.06.17:990][  0]LogContentBrowser: Native class hierarchy updated for 'WidgetCarousel' in 0.0002 seconds. Added 0 classes and 0 folders.
[2017.02.01-15.06.18:018][  0]LogContentBrowser: Native class hierarchy updated for 'AddContentDialog' in 0.0003 seconds. Added 0 classes and 0 folders.
[2017.02.01-15.06.18:020][  0]LogContentBrowser: Native class hierarchy updated for 'SceneOutliner' in 0.0003 seconds. Added 1 classes and 2 folders.
[2017.02.01-15.06.18:030][  0]LogCrashTracker: Crashtracker disabled due to settings.
[2017.02.01-15.06.18:036][  0]LogUObjectGlobals:Warning: Failed to find object 'Class None.'
[2017.02.01-15.06.18:060][  0]LogContentBrowser: Native class hierarchy updated for 'HierarchicalLODOutliner' in 0.0003 seconds. Added 1 classes and 2 folders.
[2017.02.01-15.06.18:060][  0]LogLoad: Full Startup: 16.72 seconds (BP compile: 0.04 seconds)
[2017.02.01-15.06.18:060][  0]LogExternalProfiler: No external profilers were discovered.  External profiling features will not be available.
[2017.02.01-15.06.18:069][  0]LogOcInput: OculusInput pre-init called
[2017.02.01-15.06.18:088][  0]LogContentStreaming: Texture pool size now 1000 MB
[2017.02.01-15.06.18:219][  0]LogRenderer: Reallocating scene render targets to support 1208x576 (Frame:2).
[2017.02.01-15.06.18:314][  1]LogAssetRegistry: Asset discovery search completed in 13.8852 seconds
[2017.02.01-15.06.18:314][  1]LogCollectionManager: Rebuilt the object cache for 0 collections in 0.000001 seconds (found 0 objects)
[2017.02.01-15.06.18:314][  1]LogCollectionManager: Fixed up redirectors for 0 collections in 0.000017 seconds (updated 0 objects)
[2017.02.01-15.06.21:396][332]LogLinker:Warning: Can't find file '/Game/TestPackages/Flex/flexClothContainer'
[2017.02.01-15.06.21:396][332]LogLinker:Warning: Can't find file for asset '/Game/TestPackages/Flex/flexClothContainer' while loading ../../../../Documents/CSC8505 - Game Industry Skills/Prototype/PrototypeCW/FlexPrototype/Content/Flex/flexSphere.uasset.
[2017.02.01-15.06.21:397][332]LoadErrors:Error: Error /Game/Flex/flexSphere : Can't find file for asset. /Game/TestPackages/Flex/flexClothContainer
[2017.02.01-15.06.21:397][332]LogLinker:Warning: Can't find file '/Game/TestPackages/Flex/flexClothContainer'
[2017.02.01-15.06.21:397][332]LogLinker:Warning: Can't find file for asset '/Game/TestPackages/Flex/flexClothContainer' while loading ../../../../Documents/CSC8505 - Game Industry Skills/Prototype/PrototypeCW/FlexPrototype/Content/Flex/flexSphere.uasset.
[2017.02.01-15.06.21:399][332]LogLinker:Warning: Can't find file '/Game/TestPackages/Flex/flexClothContainer'
[2017.02.01-15.06.21:399][332]LoadErrors: Info Failed to load /Game/TestPackages/Flex/flexClothContainer.flexClothContainer Referenced by FlexAssetCloth_6
[2017.02.01-15.06.21:399][332]LogLinker:Warning: Can't find file for asset '/Game/TestPackages/Flex/flexClothContainer' while loading NULL.
[2017.02.01-15.06.21:687][332]LogContentBrowser: Native class hierarchy updated for 'BlueprintGraph' in 0.0008 seconds. Added 111 classes and 0 folders.
[2017.02.01-15.06.30:026][186]LogBlueprintUserMessages: Early PlayInEditor Detection: Level '/Game/RollingBP/Maps/RollingBPExampleMap.RollingBPExampleMap:PersistentLevel' has LevelScriptBlueprint '/Game/RollingBP/Maps/RollingBPExampleMap.RollingBPExampleMap:PersistentLevel.RollingBPExampleMap' with GeneratedClass '/Game/RollingBP/Maps/RollingBPExampleMap.RollingBPExampleMap_C' with ClassGeneratedBy '/Game/RollingBP/Maps/RollingBPExampleMap.RollingBPExampleMap:PersistentLevel.RollingBPExampleMap'
[2017.02.01-15.06.30:026][186]LogPlayLevel: PlayLevel: No blueprints needed recompiling
[2017.02.01-15.06.30:027][186]PIE: New page: PIE session: RollingBPExampleMap (1 Feb 2017 15:06:30)
[2017.02.01-15.06.30:027][186]LogPlayLevel: Creating play world package: /Game/RollingBP/Maps/UEDPIE_0_RollingBPExampleMap
[2017.02.01-15.06.30:057][186]LogPlayLevel: PIE: StaticDuplicateObject took: (0.029873s)
[2017.02.01-15.06.30:058][186]LogAIModule: Creating AISystem for world RollingBPExampleMap
[2017.02.01-15.06.30:058][186]LogPlayLevel: PIE: World Init took: (0.001453s)
[2017.02.01-15.06.30:059][186]LogPlayLevel: PIE: Created PIE world by copying editor world from /Game/RollingBP/Maps/RollingBPExampleMap.RollingBPExampleMap to /Game/RollingBP/Maps/UEDPIE_0_RollingBPExampleMap.RollingBPExampleMap (0.031713s)
[2017.02.01-15.06.30:153][186]LogWorld: Game class is 'RollingGameMode_C'
[2017.02.01-15.06.30:160][186]LogWorld: Bringing World /Game/RollingBP/Maps/UEDPIE_0_RollingBPExampleMap.RollingBPExampleMap up for play (max tick rate 0) at 2017.02.01-15.06.30
[2017.02.01-15.06.30:160][186]LogWorld: Bringing up level for play took: 0.005772
[2017.02.01-15.06.30:162][186]LogContentBrowser: Native class hierarchy updated for 'MovieSceneCapture' in 0.0003 seconds. Added 11 classes and 0 folders.
[2017.02.01-15.06.30:162][186]PIE: Info Play in editor start time for /Game/RollingBP/Maps/UEDPIE_0_RollingBPExampleMap 0.027
[2017.02.01-15.06.30:162][186]LogBlueprintUserMessages: Late PlayInEditor Detection: Level '/Game/RollingBP/Maps/RollingBPExampleMap.RollingBPExampleMap:PersistentLevel' has LevelScriptBlueprint '/Game/RollingBP/Maps/RollingBPExampleMap.RollingBPExampleMap:PersistentLevel.RollingBPExampleMap' with GeneratedClass '/Game/RollingBP/Maps/RollingBPExampleMap.RollingBPExampleMap_C' with ClassGeneratedBy '/Game/RollingBP/Maps/RollingBPExampleMap.RollingBPExampleMap:PersistentLevel.RollingBPExampleMap'
[2017.02.01-15.06.33:858][625]LogBlueprintUserMessages: Early EndPlayMap Detection: Level '/Game/RollingBP/Maps/RollingBPExampleMap.RollingBPExampleMap:PersistentLevel' has LevelScriptBlueprint '/Game/RollingBP/Maps/RollingBPExampleMap.RollingBPExampleMap:PersistentLevel.RollingBPExampleMap' with GeneratedClass '/Game/RollingBP/Maps/RollingBPExampleMap.RollingBPExampleMap_C' with ClassGeneratedBy '/Game/RollingBP/Maps/RollingBPExampleMap.RollingBPExampleMap:PersistentLevel.RollingBPExampleMap'
[2017.02.01-15.06.33:905][625]LogBlueprintUserMessages: Late EndPlayMap Detection: Level '/Game/RollingBP/Maps/RollingBPExampleMap.RollingBPExampleMap:PersistentLevel' has LevelScriptBlueprint '/Game/RollingBP/Maps/RollingBPExampleMap.RollingBPExampleMap:PersistentLevel.RollingBPExampleMap' with GeneratedClass '/Game/RollingBP/Maps/RollingBPExampleMap.RollingBPExampleMap_C' with ClassGeneratedBy '/Game/RollingBP/Maps/RollingBPExampleMap.RollingBPExampleMap:PersistentLevel.RollingBPExampleMap'
[2017.02.01-15.06.38:045][ 97]Cmd: DELETE
[2017.02.01-15.06.38:045][ 97]Cmd: ACTOR DELETE
[2017.02.01-15.06.38:047][ 97]LogEditorActor: Deleted Actor: FlexTest_C
[2017.02.01-15.06.38:061][ 97]LogEditorActor: Deleted 1 Actors (0.016 secs)
[2017.02.01-15.07.07:931][378]BlueprintLog: New page: Compile PhysicsBallBP1
[2017.02.01-15.07.08:012][378]BlueprintEditorCompileResults: Info [0066.67] Compile of PhysicsBallBP1 successful! [in 81 ms] (/Game/RollingBP/Blueprints/PhysicsBallBP1.PhysicsBallBP1)
[2017.02.01-15.07.08:691][449]LogSavePackage: Save=30.27ms
[2017.02.01-15.07.08:691][449]LogSavePackage: Moving '../../../../Documents/CSC8505 - Game Industry Skills/Prototype/PrototypeCW/FlexPrototype/Saved/PhysicsBallBP18F0D191F4327F85237440DA77888406F.tmp' to '../../../../Documents/CSC8505 - Game Industry Skills/Prototype/PrototypeCW/FlexPrototype/Content/RollingBP/Blueprints/PhysicsBallBP1.uasset'
[2017.02.01-15.07.08:694][449]LogSavePackage:Display: Finished SavePackage ../../../../Documents/CSC8505 - Game Industry Skills/Prototype/PrototypeCW/FlexPrototype/Content/RollingBP/Blueprints/PhysicsBallBP1.uasset
[2017.02.01-15.07.09:333][519]LogSavePackage: Save=23.78ms
[2017.02.01-15.07.09:333][519]LogSavePackage: Moving '../../../../Documents/CSC8505 - Game Industry Skills/Prototype/PrototypeCW/FlexPrototype/Saved/PhysicsBallBP1457D64574D5B74E7E7B7FAA95246BB65.tmp' to '../../../../Documents/CSC8505 - Game Industry Skills/Prototype/PrototypeCW/FlexPrototype/Content/RollingBP/Blueprints/PhysicsBallBP1.uasset'
[2017.02.01-15.07.09:333][519]LogSavePackage:Display: Finished SavePackage ../../../../Documents/CSC8505 - Game Industry Skills/Prototype/PrototypeCW/FlexPrototype/Content/RollingBP/Blueprints/PhysicsBallBP1.uasset
[2017.02.01-15.07.09:515][535]LogSavePackage: Save=23.14ms
[2017.02.01-15.07.09:515][535]LogSavePackage: Moving '../../../../Documents/CSC8505 - Game Industry Skills/Prototype/PrototypeCW/FlexPrototype/Saved/PhysicsBallBP1EA478FF3408F98C301CD598225BE6448.tmp' to '../../../../Documents/CSC8505 - Game Industry Skills/Prototype/PrototypeCW/FlexPrototype/Content/RollingBP/Blueprints/PhysicsBallBP1.uasset'
[2017.02.01-15.07.09:516][535]LogSavePackage:Display: Finished SavePackage ../../../../Documents/CSC8505 - Game Industry Skills/Prototype/PrototypeCW/FlexPrototype/Content/RollingBP/Blueprints/PhysicsBallBP1.uasset
[2017.02.01-15.07.10:716][674]LogBlueprintUserMessages: Early PlayInEditor Detection: Level '/Game/RollingBP/Maps/RollingBPExampleMap.RollingBPExampleMap:PersistentLevel' has LevelScriptBlueprint '/Game/RollingBP/Maps/RollingBPExampleMap.RollingBPExampleMap:PersistentLevel.RollingBPExampleMap' with GeneratedClass '/Game/RollingBP/Maps/RollingBPExampleMap.RollingBPExampleMap_C' with ClassGeneratedBy '/Game/RollingBP/Maps/RollingBPExampleMap.RollingBPExampleMap:PersistentLevel.RollingBPExampleMap'
[2017.02.01-15.07.10:716][674]LogPlayLevel: PlayLevel: No blueprints needed recompiling
[2017.02.01-15.07.10:716][674]PIE: New page: PIE session: RollingBPExampleMap (1 Feb 2017 15:07:10)
[2017.02.01-15.07.10:716][674]LogPlayLevel: Creating play world package: /Game/RollingBP/Maps/UEDPIE_0_RollingBPExampleMap
[2017.02.01-15.07.10:745][674]LogPlayLevel: PIE: StaticDuplicateObject took: (0.028848s)
[2017.02.01-15.07.10:746][674]LogAIModule: Creating AISystem for world RollingBPExampleMap
[2017.02.01-15.07.10:747][674]LogPlayLevel: PIE: World Init took: (0.001213s)
[2017.02.01-15.07.10:747][674]LogPlayLevel: PIE: Created PIE world by copying editor world from /Game/RollingBP/Maps/RollingBPExampleMap.RollingBPExampleMap to /Game/RollingBP/Maps/UEDPIE_0_RollingBPExampleMap.RollingBPExampleMap (0.030358s)
[2017.02.01-15.07.10:812][674]LogWorld: Game class is 'RollingGameMode_C'
[2017.02.01-15.07.10:819][674]LogWorld: Bringing World /Game/RollingBP/Maps/UEDPIE_0_RollingBPExampleMap.RollingBPExampleMap up for play (max tick rate 0) at 2017.02.01-15.07.10
[2017.02.01-15.07.10:819][674]LogWorld: Bringing up level for play took: 0.005640
[2017.02.01-15.07.10:820][674]PIE: Info Play in editor start time for /Game/RollingBP/Maps/UEDPIE_0_RollingBPExampleMap 0.689
[2017.02.01-15.07.10:820][674]LogBlueprintUserMessages: Late PlayInEditor Detection: Level '/Game/RollingBP/Maps/RollingBPExampleMap.RollingBPExampleMap:PersistentLevel' has LevelScriptBlueprint '/Game/RollingBP/Maps/RollingBPExampleMap.RollingBPExampleMap:PersistentLevel.RollingBPExampleMap' with GeneratedClass '/Game/RollingBP/Maps/RollingBPExampleMap.RollingBPExampleMap_C' with ClassGeneratedBy '/Game/RollingBP/Maps/RollingBPExampleMap.RollingBPExampleMap:PersistentLevel.RollingBPExampleMap'
[2017.02.01-15.07.13:171][950]LogBlueprintUserMessages: Early EndPlayMap Detection: Level '/Game/RollingBP/Maps/RollingBPExampleMap.RollingBPExampleMap:PersistentLevel' has LevelScriptBlueprint '/Game/RollingBP/Maps/RollingBPExampleMap.RollingBPExampleMap:PersistentLevel.RollingBPExampleMap' with GeneratedClass '/Game/RollingBP/Maps/RollingBPExampleMap.RollingBPExampleMap_C' with ClassGeneratedBy '/Game/RollingBP/Maps/RollingBPExampleMap.RollingBPExampleMap:PersistentLevel.RollingBPExampleMap'
[2017.02.01-15.07.13:208][950]LogBlueprintUserMessages: Late EndPlayMap Detection: Level '/Game/RollingBP/Maps/RollingBPExampleMap.RollingBPExampleMap:PersistentLevel' has LevelScriptBlueprint '/Game/RollingBP/Maps/RollingBPExampleMap.RollingBPExampleMap:PersistentLevel.RollingBPExampleMap' with GeneratedClass '/Game/RollingBP/Maps/RollingBPExampleMap.RollingBPExampleMap_C' with ClassGeneratedBy '/Game/RollingBP/Maps/RollingBPExampleMap.RollingBPExampleMap:PersistentLevel.RollingBPExampleMap'
[2017.02.01-15.07.17:370][364]LogLinker:Warning: Can't find file '/Game/TestPackages/Flex/flexFrayTexture'
[2017.02.01-15.07.17:370][364]LogLinker:Warning: Can't find file for asset '/Game/TestPackages/Flex/flexFrayTexture' while loading ../../../../Documents/CSC8505 - Game Industry Skills/Prototype/PrototypeCW/FlexPrototype/Content/Flex/flexGreenMaterial.uasset.
[2017.02.01-15.07.17:370][364]LoadErrors:Error: Error /Game/Flex/flexGreenMaterial : Can't find file for asset. /Game/TestPackages/Flex/flexFrayTexture
[2017.02.01-15.07.17:370][364]LogLinker:Warning: Can't find file '/Game/TestPackages/Flex/flexFrayTexture'
[2017.02.01-15.07.17:371][364]LogLinker:Warning: Can't find file for asset '/Game/TestPackages/Flex/flexFrayTexture' while loading ../../../../Documents/CSC8505 - Game Industry Skills/Prototype/PrototypeCW/FlexPrototype/Content/Flex/flexGreenMaterial.uasset.
[2017.02.01-15.07.17:371][364]LogLinker:Warning: Can't find file '/Game/TestPackages/Flex/flexFrayTexture'
[2017.02.01-15.07.17:371][364]LoadErrors: Info Failed to load /Game/TestPackages/Flex/flexFrayTexture.flexFrayTexture Referenced by MaterialExpressionTextureSample_0
[2017.02.01-15.07.17:371][364]LogLinker:Warning: Can't find file for asset '/Game/TestPackages/Flex/flexFrayTexture' while loading NULL.
[2017.02.01-15.07.17:374][364]LogMaterial: Missing cached shader map for material flexGreenMaterial, compiling. 
[2017.02.01-15.07.17:374][364]LogMaterial:Warning: Failed to compile Material /Game/Flex/flexGreenMaterial.flexGreenMaterial for platform PCD3D_SM5, Default Material will be used in game.
[2017.02.01-15.07.17:374][364]LogMaterial:Warning: 	(Node TextureSample) TextureSample> Missing input texture
[2017.02.01-15.07.21:422][805]BlueprintLog: New page: Compile PhysicsBallBP1
[2017.02.01-15.07.21:499][805]BlueprintEditorCompileResults: Info [0080.16] Compile of PhysicsBallBP1 successful! [in 77 ms] (/Game/RollingBP/Blueprints/PhysicsBallBP1.PhysicsBallBP1)
[2017.02.01-15.07.22:015][857]LogSavePackage: Save=29.56ms
[2017.02.01-15.07.22:015][857]LogSavePackage: Moving '../../../../Documents/CSC8505 - Game Industry Skills/Prototype/PrototypeCW/FlexPrototype/Saved/PhysicsBallBP1DEE7994A47B0E4F4C62E00B60E2AFC43.tmp' to '../../../../Documents/CSC8505 - Game Industry Skills/Prototype/PrototypeCW/FlexPrototype/Content/RollingBP/Blueprints/PhysicsBallBP1.uasset'
[2017.02.01-15.07.22:017][857]LogSavePackage:Display: Finished SavePackage ../../../../Documents/CSC8505 - Game Industry Skills/Prototype/PrototypeCW/FlexPrototype/Content/RollingBP/Blueprints/PhysicsBallBP1.uasset
[2017.02.01-15.07.23:562][ 35]LogBlueprintUserMessages: Early PlayInEditor Detection: Level '/Game/RollingBP/Maps/RollingBPExampleMap.RollingBPExampleMap:PersistentLevel' has LevelScriptBlueprint '/Game/RollingBP/Maps/RollingBPExampleMap.RollingBPExampleMap:PersistentLevel.RollingBPExampleMap' with GeneratedClass '/Game/RollingBP/Maps/RollingBPExampleMap.RollingBPExampleMap_C' with ClassGeneratedBy '/Game/RollingBP/Maps/RollingBPExampleMap.RollingBPExampleMap:PersistentLevel.RollingBPExampleMap'
[2017.02.01-15.07.23:562][ 35]LogPlayLevel: PlayLevel: No blueprints needed recompiling
[2017.02.01-15.07.23:562][ 35]PIE: New page: PIE session: RollingBPExampleMap (1 Feb 2017 15:07:23)
[2017.02.01-15.07.23:562][ 35]LogPlayLevel: Creating play world package: /Game/RollingBP/Maps/UEDPIE_0_RollingBPExampleMap
[2017.02.01-15.07.23:591][ 35]LogPlayLevel: PIE: StaticDuplicateObject took: (0.029089s)
[2017.02.01-15.07.23:595][ 35]LogAIModule: Creating AISystem for world RollingBPExampleMap
[2017.02.01-15.07.23:595][ 35]LogPlayLevel: PIE: World Init took: (0.003258s)
[2017.02.01-15.07.23:595][ 35]LogPlayLevel: PIE: Created PIE world by copying editor world from /Game/RollingBP/Maps/RollingBPExampleMap.RollingBPExampleMap to /Game/RollingBP/Maps/UEDPIE_0_RollingBPExampleMap.RollingBPExampleMap (0.032925s)
[2017.02.01-15.07.23:659][ 35]LogWorld: Game class is 'RollingGameMode_C'
[2017.02.01-15.07.23:665][ 35]LogWorld: Bringing World /Game/RollingBP/Maps/UEDPIE_0_RollingBPExampleMap.RollingBPExampleMap up for play (max tick rate 0) at 2017.02.01-15.07.23
[2017.02.01-15.07.23:665][ 35]LogWorld: Bringing up level for play took: 0.005653
[2017.02.01-15.07.23:666][ 35]PIE: Info Play in editor start time for /Game/RollingBP/Maps/UEDPIE_0_RollingBPExampleMap -0.464
[2017.02.01-15.07.23:666][ 35]LogBlueprintUserMessages: Late PlayInEditor Detection: Level '/Game/RollingBP/Maps/RollingBPExampleMap.RollingBPExampleMap:PersistentLevel' has LevelScriptBlueprint '/Game/RollingBP/Maps/RollingBPExampleMap.RollingBPExampleMap:PersistentLevel.RollingBPExampleMap' with GeneratedClass '/Game/RollingBP/Maps/RollingBPExampleMap.RollingBPExampleMap_C' with ClassGeneratedBy '/Game/RollingBP/Maps/RollingBPExampleMap.RollingBPExampleMap:PersistentLevel.RollingBPExampleMap'
[2017.02.01-15.07.24:720][157]LogBlueprintUserMessages: Early EndPlayMap Detection: Level '/Game/RollingBP/Maps/RollingBPExampleMap.RollingBPExampleMap:PersistentLevel' has LevelScriptBlueprint '/Game/RollingBP/Maps/RollingBPExampleMap.RollingBPExampleMap:PersistentLevel.RollingBPExampleMap' with GeneratedClass '/Game/RollingBP/Maps/RollingBPExampleMap.RollingBPExampleMap_C' with ClassGeneratedBy '/Game/RollingBP/Maps/RollingBPExampleMap.RollingBPExampleMap:PersistentLevel.RollingBPExampleMap'
[2017.02.01-15.07.24:758][157]LogBlueprintUserMessages: Late EndPlayMap Detection: Level '/Game/RollingBP/Maps/RollingBPExampleMap.RollingBPExampleMap:PersistentLevel' has LevelScriptBlueprint '/Game/RollingBP/Maps/RollingBPExampleMap.RollingBPExampleMap:PersistentLevel.RollingBPExampleMap' with GeneratedClass '/Game/RollingBP/Maps/RollingBPExampleMap.RollingBPExampleMap_C' with ClassGeneratedBy '/Game/RollingBP/Maps/RollingBPExampleMap.RollingBPExampleMap:PersistentLevel.RollingBPExampleMap'
[2017.02.01-15.11.12:587][ 46]LogEditorViewport: Clicking on Actor (LMB): StaticMeshActor (Ground)
[2017.02.01-15.11.14:120][191]LogBlueprintUserMessages: Early PlayInEditor Detection: Level '/Game/RollingBP/Maps/RollingBPExampleMap.RollingBPExampleMap:PersistentLevel' has LevelScriptBlueprint '/Game/RollingBP/Maps/RollingBPExampleMap.RollingBPExampleMap:PersistentLevel.RollingBPExampleMap' with GeneratedClass '/Game/RollingBP/Maps/RollingBPExampleMap.RollingBPExampleMap_C' with ClassGeneratedBy '/Game/RollingBP/Maps/RollingBPExampleMap.RollingBPExampleMap:PersistentLevel.RollingBPExampleMap'
[2017.02.01-15.11.14:120][191]LogPlayLevel: PlayLevel: No blueprints needed recompiling
[2017.02.01-15.11.14:120][191]PIE: New page: PIE session: RollingBPExampleMap (1 Feb 2017 15:11:14)
[2017.02.01-15.11.14:120][191]LogPlayLevel: Creating play world package: /Game/RollingBP/Maps/UEDPIE_0_RollingBPExampleMap
[2017.02.01-15.11.14:149][191]LogPlayLevel: PIE: StaticDuplicateObject took: (0.028488s)
[2017.02.01-15.11.14:151][191]LogAIModule: Creating AISystem for world RollingBPExampleMap
[2017.02.01-15.11.14:151][191]LogPlayLevel: PIE: World Init took: (0.002271s)
[2017.02.01-15.11.14:152][191]LogPlayLevel: PIE: Created PIE world by copying editor world from /Game/RollingBP/Maps/RollingBPExampleMap.RollingBPExampleMap to /Game/RollingBP/Maps/UEDPIE_0_RollingBPExampleMap.RollingBPExampleMap (0.031877s)
[2017.02.01-15.11.14:363][191]LogWorld: Game class is 'RollingGameMode_C'
[2017.02.01-15.11.14:370][191]LogWorld: Bringing World /Game/RollingBP/Maps/UEDPIE_0_RollingBPExampleMap.RollingBPExampleMap up for play (max tick rate 0) at 2017.02.01-15.11.14
[2017.02.01-15.11.14:371][191]LogWorld: Bringing up level for play took: 0.006171
[2017.02.01-15.11.14:372][191]PIE: Info Play in editor start time for /Game/RollingBP/Maps/UEDPIE_0_RollingBPExampleMap 0.256
[2017.02.01-15.11.14:372][191]LogBlueprintUserMessages: Late PlayInEditor Detection: Level '/Game/RollingBP/Maps/RollingBPExampleMap.RollingBPExampleMap:PersistentLevel' has LevelScriptBlueprint '/Game/RollingBP/Maps/RollingBPExampleMap.RollingBPExampleMap:PersistentLevel.RollingBPExampleMap' with GeneratedClass '/Game/RollingBP/Maps/RollingBPExampleMap.RollingBPExampleMap_C' with ClassGeneratedBy '/Game/RollingBP/Maps/RollingBPExampleMap.RollingBPExampleMap:PersistentLevel.RollingBPExampleMap'
[2017.02.01-15.11.23:064][216]LogBlueprintUserMessages: Early EndPlayMap Detection: Level '/Game/RollingBP/Maps/RollingBPExampleMap.RollingBPExampleMap:PersistentLevel' has LevelScriptBlueprint '/Game/RollingBP/Maps/RollingBPExampleMap.RollingBPExampleMap:PersistentLevel.RollingBPExampleMap' with GeneratedClass '/Game/RollingBP/Maps/RollingBPExampleMap.RollingBPExampleMap_C' with ClassGeneratedBy '/Game/RollingBP/Maps/RollingBPExampleMap.RollingBPExampleMap:PersistentLevel.RollingBPExampleMap'
[2017.02.01-15.11.23:117][216]LogBlueprintUserMessages: Late EndPlayMap Detection: Level '/Game/RollingBP/Maps/RollingBPExampleMap.RollingBPExampleMap:PersistentLevel' has LevelScriptBlueprint '/Game/RollingBP/Maps/RollingBPExampleMap.RollingBPExampleMap:PersistentLevel.RollingBPExampleMap' with GeneratedClass '/Game/RollingBP/Maps/RollingBPExampleMap.RollingBPExampleMap_C' with ClassGeneratedBy '/Game/RollingBP/Maps/RollingBPExampleMap.RollingBPExampleMap:PersistentLevel.RollingBPExampleMap'
[2017.02.01-15.11.24:213][323]LogEditorViewport: Clicking on Actor (LMB): PhysicsBallBP1_C (PhysicsBallBP1)
[2017.02.01-15.11.24:777][373]Cmd: DELETE
[2017.02.01-15.11.24:777][373]Cmd: ACTOR DELETE
[2017.02.01-15.11.24:779][373]LogEditorActor: Deleted Actor: PhysicsBallBP1_C
[2017.02.01-15.11.24:820][373]LogEditorActor: Deleted 1 Actors (0.044 secs)
[2017.02.01-15.14.59:644][ 49]LogBlueprintUserMessages: Early PlayInEditor Detection: Level '/Game/RollingBP/Maps/RollingBPExampleMap.RollingBPExampleMap:PersistentLevel' has LevelScriptBlueprint '/Game/RollingBP/Maps/RollingBPExampleMap.RollingBPExampleMap:PersistentLevel.RollingBPExampleMap' with GeneratedClass '/Game/RollingBP/Maps/RollingBPExampleMap.RollingBPExampleMap_C' with ClassGeneratedBy '/Game/RollingBP/Maps/RollingBPExampleMap.RollingBPExampleMap:PersistentLevel.RollingBPExampleMap'
[2017.02.01-15.14.59:644][ 49]LogPlayLevel: PlayLevel: No blueprints needed recompiling
[2017.02.01-15.14.59:644][ 49]PIE: New page: PIE session: RollingBPExampleMap (1 Feb 2017 15:14:59)
[2017.02.01-15.14.59:644][ 49]LogPlayLevel: Creating play world package: /Game/RollingBP/Maps/UEDPIE_0_RollingBPExampleMap
[2017.02.01-15.14.59:673][ 49]LogPlayLevel: PIE: StaticDuplicateObject took: (0.029040s)
[2017.02.01-15.14.59:675][ 49]LogAIModule: Creating AISystem for world RollingBPExampleMap
[2017.02.01-15.14.59:675][ 49]LogPlayLevel: PIE: World Init took: (0.001435s)
[2017.02.01-15.14.59:675][ 49]LogPlayLevel: PIE: Created PIE world by copying editor world from /Game/RollingBP/Maps/RollingBPExampleMap.RollingBPExampleMap to /Game/RollingBP/Maps/UEDPIE_0_RollingBPExampleMap.RollingBPExampleMap (0.030856s)
[2017.02.01-15.14.59:742][ 49]LogWorld: Game class is 'RollingGameMode_C'
[2017.02.01-15.14.59:749][ 49]LogWorld: Bringing World /Game/RollingBP/Maps/UEDPIE_0_RollingBPExampleMap.RollingBPExampleMap up for play (max tick rate 0) at 2017.02.01-15.14.59
[2017.02.01-15.14.59:749][ 49]LogWorld: Bringing up level for play took: 0.006351
[2017.02.01-15.14.59:750][ 49]PIE: Info Play in editor start time for /Game/RollingBP/Maps/UEDPIE_0_RollingBPExampleMap -0.354
[2017.02.01-15.14.59:750][ 49]LogBlueprintUserMessages: Late PlayInEditor Detection: Level '/Game/RollingBP/Maps/RollingBPExampleMap.RollingBPExampleMap:PersistentLevel' has LevelScriptBlueprint '/Game/RollingBP/Maps/RollingBPExampleMap.RollingBPExampleMap:PersistentLevel.RollingBPExampleMap' with GeneratedClass '/Game/RollingBP/Maps/RollingBPExampleMap.RollingBPExampleMap_C' with ClassGeneratedBy '/Game/RollingBP/Maps/RollingBPExampleMap.RollingBPExampleMap:PersistentLevel.RollingBPExampleMap'
[2017.02.01-15.15.47:209][716]LogBlueprintUserMessages: Early EndPlayMap Detection: Level '/Game/RollingBP/Maps/RollingBPExampleMap.RollingBPExampleMap:PersistentLevel' has LevelScriptBlueprint '/Game/RollingBP/Maps/RollingBPExampleMap.RollingBPExampleMap:PersistentLevel.RollingBPExampleMap' with GeneratedClass '/Game/RollingBP/Maps/RollingBPExampleMap.RollingBPExampleMap_C' with ClassGeneratedBy '/Game/RollingBP/Maps/RollingBPExampleMap.RollingBPExampleMap:PersistentLevel.RollingBPExampleMap'
[2017.02.01-15.15.47:244][716]LogBlueprintUserMessages: Late EndPlayMap Detection: Level '/Game/RollingBP/Maps/RollingBPExampleMap.RollingBPExampleMap:PersistentLevel' has LevelScriptBlueprint '/Game/RollingBP/Maps/RollingBPExampleMap.RollingBPExampleMap:PersistentLevel.RollingBPExampleMap' with GeneratedClass '/Game/RollingBP/Maps/RollingBPExampleMap.RollingBPExampleMap_C' with ClassGeneratedBy '/Game/RollingBP/Maps/RollingBPExampleMap.RollingBPExampleMap:PersistentLevel.RollingBPExampleMap'
[2017.02.01-15.17.23:763][980]LogSavePackage: Save=1757.02ms
[2017.02.01-15.17.23:763][980]LogSavePackage: Moving '../../../../Documents/CSC8505 - Game Industry Skills/Prototype/PrototypeCW/FlexPrototype/Saved/RollingBPExampleMap_Auto1B5E49EF141B8F59CD312B1BBEA25336B.tmp' to '../../../../Documents/CSC8505 - Game Industry Skills/Prototype/PrototypeCW/FlexPrototype/Saved/Autosaves/Game/RollingBP/Maps/RollingBPExampleMap_Auto1.umap'
[2017.02.01-15.17.23:764][980]LogSavePackage:Display: Finished SavePackage ../../../../Documents/CSC8505 - Game Industry Skills/Prototype/PrototypeCW/FlexPrototype/Saved/Autosaves/Game/RollingBP/Maps/RollingBPExampleMap_Auto1.umap
[2017.02.01-15.17.23:769][980]LogFileHelpers: Editor autosave (incl. sublevels) for '/Game/RollingBP/Maps/RollingBPExampleMap' took 1.814
[2017.02.01-15.17.23:769][980]LogFileHelpers: Editor autosave (incl. sublevels) for all levels took 1.814
[2017.02.01-15.20.57:618][325]LogEditorViewport: Clicking on Actor (LMB): DirectionalLight (Light Source)
[2017.02.01-15.21.10:285][572]LogEditorActor: Deleted Actor: PlayerStart
[2017.02.01-15.21.10:305][572]LogEditorActor: Deleted 1 Actors (0.022 secs)
[2017.02.01-15.25.16:434][889]LogUObjectHash:Warning: Ambiguous search, could be K2Node_Knot /Engine/Transient.K2Node_Knot_1 or K2Node_Knot /Game/RollingBP/Blueprints/RollingGameMode.RollingGameMode:EventGraph.K2Node_Knot_1
[2017.02.01-15.25.16:434][889]LogProperty:Warning: ObjectProperty /Script/Engine.EdGraphPin:LinkedTo.LinkedTo: unresolved reference to 'EdGraphPin'K2Node_Knot_1.EdGraphPin_35''
[2017.02.01-15.25.16:434][889]LogUObjectHash:Warning: Ambiguous search, could be K2Node_SpawnActorFromClass /Engine/Transient.PROTO_BP_Blueprint_0:UserConstructionScript.K2Node_SpawnActorFromClass_0 or K2Node_SpawnActorFromClass /Game/RollingBP/Blueprints/RollingGameMode.RollingGameMode:EventGraph.K2Node_SpawnActorFromClass_0
[2017.02.01-15.25.16:434][889]LogProperty:Warning: ObjectProperty /Script/Engine.EdGraphPin:LinkedTo.LinkedTo: unresolved reference to 'EdGraphPin'K2Node_SpawnActorFromClass_0.EdGraphPin_18''
[2017.02.01-15.25.16:434][889]LogUObjectHash:Warning: Ambiguous search, could be K2Node_CallFunction /Game/RollingBP/Blueprints/RollingGameMode.RollingGameMode:EventGraph.K2Node_CallFunction_2 or K2Node_CallFunction /Engine/Transient.PROTO_BP_Blueprint_0:UserConstructionScript.K2Node_CallFunction_2
[2017.02.01-15.25.16:434][889]LogProperty:Warning: ObjectProperty /Script/Engine.EdGraphPin:LinkedTo.LinkedTo: unresolved reference to 'EdGraphPin'K2Node_CallFunction_2.EdGraphPin_29''
[2017.02.01-15.25.16:435][889]LogUObjectHash:Warning: Ambiguous search, could be K2Node_CallFunction /Game/RollingBP/Blueprints/RollingGameMode.RollingGameMode:EventGraph.K2Node_CallFunction_3 or K2Node_CallFunction /Engine/Transient.PROTO_BP_Blueprint_0:UserConstructionScript.K2Node_CallFunction_3
[2017.02.01-15.25.16:435][889]LogProperty:Warning: ObjectProperty /Script/Engine.EdGraphPin:LinkedTo.LinkedTo: unresolved reference to 'EdGraphPin'K2Node_CallFunction_3.EdGraphPin_34''
[2017.02.01-15.25.16:435][889]LogUObjectHash:Warning: Ambiguous search, could be K2Node_CallFunction /Game/RollingBP/Blueprints/RollingGameMode.RollingGameMode:EventGraph.K2Node_CallFunction_2 or K2Node_CallFunction /Engine/Transient.PROTO_BP_Blueprint_0:UserConstructionScript.K2Node_CallFunction_2
[2017.02.01-15.25.16:435][889]LogProperty:Warning: ObjectProperty /Script/Engine.EdGraphPin:LinkedTo.LinkedTo: unresolved reference to 'EdGraphPin'K2Node_CallFunction_2.EdGraphPin_26''
[2017.02.01-15.25.16:435][889]LogUObjectHash:Warning: Ambiguous search, could be K2Node_Knot /Engine/Transient.K2Node_Knot_2 or K2Node_Knot /Game/RollingBP/Blueprints/RollingGameMode.RollingGameMode:EventGraph.K2Node_Knot_2
[2017.02.01-15.25.16:435][889]LogProperty:Warning: ObjectProperty /Script/Engine.EdGraphPin:LinkedTo.LinkedTo: unresolved reference to 'EdGraphPin'K2Node_Knot_2.EdGraphPin_38''
[2017.02.01-15.25.16:435][889]LogUObjectHash:Warning: Ambiguous search, could be K2Node_Knot /Engine/Transient.K2Node_Knot_2 or K2Node_Knot /Game/RollingBP/Blueprints/RollingGameMode.RollingGameMode:EventGraph.K2Node_Knot_2
[2017.02.01-15.25.16:436][889]LogProperty:Warning: ObjectProperty /Script/Engine.EdGraphPin:LinkedTo.LinkedTo: unresolved reference to 'EdGraphPin'K2Node_Knot_2.EdGraphPin_37''
[2017.02.01-15.26.03:250][773]LogSavePackage: Save=1158.27ms
[2017.02.01-15.26.03:250][773]LogSavePackage: Moving '../../../../Documents/CSC8505 - Game Industry Skills/Prototype/PrototypeCW/FlexPrototype/Saved/RollingBPExampleMap15834E8B435012A0E04DB0A142A8D28E.tmp' to '../../../../Documents/CSC8505 - Game Industry Skills/Prototype/PrototypeCW/FlexPrototype/Content/RollingBP/Maps/RollingBPExampleMap.umap'
[2017.02.01-15.26.03:258][773]LogSavePackage:Display: Finished SavePackage ../../../../Documents/CSC8505 - Game Industry Skills/Prototype/PrototypeCW/FlexPrototype/Content/RollingBP/Maps/RollingBPExampleMap.umap
[2017.02.01-15.26.03:283][773]LogFileHelpers: Saving map 'RollingBPExampleMap' took 1.268
[2017.02.01-15.26.03:307][773]LogSavePackage: Save=16.99ms
[2017.02.01-15.26.03:307][773]LogSavePackage: Moving '../../../../Documents/CSC8505 - Game Industry Skills/Prototype/PrototypeCW/FlexPrototype/Saved/RollingGameMode5D260E9E4986B6E7195DA18C27A71247.tmp' to '../../../../Documents/CSC8505 - Game Industry Skills/Prototype/PrototypeCW/FlexPrototype/Content/RollingBP/Blueprints/RollingGameMode.uasset'
[2017.02.01-15.26.03:309][773]LogSavePackage:Display: Finished SavePackage ../../../../Documents/CSC8505 - Game Industry Skills/Prototype/PrototypeCW/FlexPrototype/Content/RollingBP/Blueprints/RollingGameMode.uasset
[2017.02.01-15.26.04:311][879]BlueprintLog: New page: Compile RollingGameMode
[2017.02.01-15.26.04:451][879]BlueprintEditorCompileResults: Info [1203.17] Compile of RollingGameMode successful! [in 140 ms] (/Game/RollingBP/Blueprints/RollingGameMode.RollingGameMode)
[2017.02.01-15.27.00:100][944]BlueprintLog: New page: Compile RollingGameMode
[2017.02.01-15.27.00:180][944]BlueprintEditorCompileResults: Info [1258.90] Compile of RollingGameMode successful! [in 80 ms] (/Game/RollingBP/Blueprints/RollingGameMode.RollingGameMode)
[2017.02.01-15.29.10:265][744]BlueprintLog: New page: Compile RollingGameMode
[2017.02.01-15.29.10:342][744]BlueprintEditorCompileResults: Info [1389.07] Compile of RollingGameMode successful! [in 77 ms] (/Game/RollingBP/Blueprints/RollingGameMode.RollingGameMode)
[2017.02.01-15.29.13:006][960]LogBlueprintUserMessages: Early PlayInEditor Detection: Level '/Game/RollingBP/Maps/RollingBPExampleMap.RollingBPExampleMap:PersistentLevel' has LevelScriptBlueprint '/Game/RollingBP/Maps/RollingBPExampleMap.RollingBPExampleMap:PersistentLevel.RollingBPExampleMap' with GeneratedClass '/Game/RollingBP/Maps/RollingBPExampleMap.RollingBPExampleMap_C' with ClassGeneratedBy '/Game/RollingBP/Maps/RollingBPExampleMap.RollingBPExampleMap:PersistentLevel.RollingBPExampleMap'
[2017.02.01-15.29.13:006][960]LogPlayLevel: PlayLevel: No blueprints needed recompiling
[2017.02.01-15.29.13:006][960]PIE: New page: PIE session: RollingBPExampleMap (1 Feb 2017 15:29:13)
[2017.02.01-15.29.13:006][960]LogPlayLevel: Creating play world package: /Game/RollingBP/Maps/UEDPIE_0_RollingBPExampleMap
[2017.02.01-15.29.13:036][960]LogPlayLevel: PIE: StaticDuplicateObject took: (0.029569s)
[2017.02.01-15.29.13:037][960]LogAIModule: Creating AISystem for world RollingBPExampleMap
[2017.02.01-15.29.13:037][960]LogPlayLevel: PIE: World Init took: (0.001321s)
[2017.02.01-15.29.13:038][960]LogPlayLevel: PIE: Created PIE world by copying editor world from /Game/RollingBP/Maps/RollingBPExampleMap.RollingBPExampleMap to /Game/RollingBP/Maps/UEDPIE_0_RollingBPExampleMap.RollingBPExampleMap (0.031208s)
[2017.02.01-15.29.13:109][960]LogWorld: Game class is 'RollingGameMode_C'
[2017.02.01-15.29.13:117][960]LogWorld: Bringing World /Game/RollingBP/Maps/UEDPIE_0_RollingBPExampleMap.RollingBPExampleMap up for play (max tick rate 0) at 2017.02.01-15.29.13
[2017.02.01-15.29.13:117][960]LogWorld: Bringing up level for play took: 0.006341
[2017.02.01-15.29.13:118][960]LogPlayerManagement:Error: Failed to Create Player: A local player already exists for controller ID 0,
[2017.02.01-15.29.13:595][960]LogSpawn:Warning: SpawnActor failed because of collision at the spawn location [X=0.000 Y=0.000 Z=0.000] for [PhysicsBallBP1_C]
[2017.02.01-15.29.13:595][960]LogScript:Warning: Accessed None trying to read property CallFunc_CreatePlayer_ReturnValue
	RollingGameMode_C /Game/RollingBP/Maps/UEDPIE_0_RollingBPExampleMap.RollingBPExampleMap:PersistentLevel.RollingGameMode_C_0
	Function /Game/RollingBP/Blueprints/RollingGameMode.RollingGameMode_C:ExecuteUbergraph_RollingGameMode:020A
[2017.02.01-15.29.13:596][960]PIE:Error: Error Blueprint Runtime Error: Accessed None trying to read property CallFunc_CreatePlayer_ReturnValue from function: 'ExecuteUbergraph_RollingGameMode' from node: Possess in graph: EventGraph in object: RollingGameMode with description: Accessed None trying to read property CallFunc_CreatePlayer_ReturnValue
[2017.02.01-15.29.13:599][960]LogSpawn:Warning: SpawnActor failed because of collision at the spawn location [X=5.000 Y=0.000 Z=0.000] for [PhysicsBallBP2_C]
[2017.02.01-15.29.13:599][960]PIE: Info Play in editor start time for /Game/RollingBP/Maps/UEDPIE_0_RollingBPExampleMap 1.529
[2017.02.01-15.29.13:600][960]LogBlueprintUserMessages: Late PlayInEditor Detection: Level '/Game/RollingBP/Maps/RollingBPExampleMap.RollingBPExampleMap:PersistentLevel' has LevelScriptBlueprint '/Game/RollingBP/Maps/RollingBPExampleMap.RollingBPExampleMap:PersistentLevel.RollingBPExampleMap' with GeneratedClass '/Game/RollingBP/Maps/RollingBPExampleMap.RollingBPExampleMap_C' with ClassGeneratedBy '/Game/RollingBP/Maps/RollingBPExampleMap.RollingBPExampleMap:PersistentLevel.RollingBPExampleMap'
[2017.02.01-15.29.49:110][785]LogBlueprintUserMessages: Early EndPlayMap Detection: Level '/Game/RollingBP/Maps/RollingBPExampleMap.RollingBPExampleMap:PersistentLevel' has LevelScriptBlueprint '/Game/RollingBP/Maps/RollingBPExampleMap.RollingBPExampleMap:PersistentLevel.RollingBPExampleMap' with GeneratedClass '/Game/RollingBP/Maps/RollingBPExampleMap.RollingBPExampleMap_C' with ClassGeneratedBy '/Game/RollingBP/Maps/RollingBPExampleMap.RollingBPExampleMap:PersistentLevel.RollingBPExampleMap'
[2017.02.01-15.29.49:148][785]LogBlueprintUserMessages: Late EndPlayMap Detection: Level '/Game/RollingBP/Maps/RollingBPExampleMap.RollingBPExampleMap:PersistentLevel' has LevelScriptBlueprint '/Game/RollingBP/Maps/RollingBPExampleMap.RollingBPExampleMap:PersistentLevel.RollingBPExampleMap' with GeneratedClass '/Game/RollingBP/Maps/RollingBPExampleMap.RollingBPExampleMap_C' with ClassGeneratedBy '/Game/RollingBP/Maps/RollingBPExampleMap.RollingBPExampleMap:PersistentLevel.RollingBPExampleMap'
[2017.02.01-15.29.53:737][229]LogEditorViewport: Clicking on Actor (LMB): PhysicsBallBP1_C (PhysicsBallBP)
[2017.02.01-15.29.54:001][246]Cmd: DELETE
[2017.02.01-15.29.54:001][246]Cmd: ACTOR DELETE
[2017.02.01-15.29.54:004][246]LogEditorActor: Deleted Actor: PhysicsBallBP1_C
[2017.02.01-15.29.54:043][246]LogEditorActor: Deleted 1 Actors (0.042 secs)
[2017.02.01-15.29.54:838][331]LogEditorViewport: Clicking on Actor (LMB): PhysicsBallBP2_C (PhysicsBallBP2)
[2017.02.01-15.29.54:916][332]Cmd: DELETE
[2017.02.01-15.29.54:916][332]Cmd: ACTOR DELETE
[2017.02.01-15.29.54:918][332]LogEditorActor: Deleted Actor: PhysicsBallBP2_C
[2017.02.01-15.29.54:962][332]LogEditorActor: Deleted 1 Actors (0.046 secs)
[2017.02.01-15.29.59:490][797]LogEditorViewport: Clicking on Actor (LMB): StaticMeshActor (TemplateCube_Rounded_3)
[2017.02.01-15.29.59:556][799]Cmd: DELETE
[2017.02.01-15.29.59:556][799]Cmd: ACTOR DELETE
[2017.02.01-15.29.59:558][799]LogEditorActor: Deleted Actor: StaticMeshActor
[2017.02.01-15.29.59:575][799]LogEditorActor: Deleted 1 Actors (0.018 secs)
[2017.02.01-15.30.00:180][859]LogEditorViewport: Clicking on Actor (LMB): StaticMeshActor (TemplateCube_Rounded)
[2017.02.01-15.30.00:223][860]Cmd: DELETE
[2017.02.01-15.30.00:223][860]Cmd: ACTOR DELETE
[2017.02.01-15.30.00:225][860]LogEditorActor: Deleted Actor: StaticMeshActor
[2017.02.01-15.30.00:243][860]LogEditorActor: Deleted 1 Actors (0.020 secs)
[2017.02.01-15.30.06:053][472]MapCheck: New page: Map Check
[2017.02.01-15.30.06:082][472]LightingResults: New page: Lighting Build - 1 Feb 2017 15:30:06
[2017.02.01-15.30.06:115][472]LogSwarmInterface: [OpenConnection] Registering TCP channel ...
[2017.02.01-15.30.06:168][472]LogSwarmInterface: [OpenConnection] Connecting to agent ...
[2017.02.01-15.30.06:176][472]LogSwarmInterface: [TryOpenConnection] Testing the Agent
[2017.02.01-15.30.06:698][472]LogSwarmInterface: [TryOpenConnection] Opening Connection to Agent
[2017.02.01-15.30.06:698][472]LogSwarmInterface: [TryOpenConnection] Local Process ID is 4116
[2017.02.01-15.30.13:462][472]LogStaticLightingSystem: Running Lightmass w/ ImmediateImport mode ENABLED
[2017.02.01-15.30.13:462][472]LogStaticLightingSystem: Running Lightmass w/ ImmediateProcess mode ENABLED
[2017.02.01-15.30.13:462][472]LogStaticLightingSystem: Running Lightmass w/ Sorting mode ENABLED
[2017.02.01-15.30.13:462][472]LogStaticLightingSystem: Running Lightmass w/ Mapping paddings ENABLED
[2017.02.01-15.30.13:462][472]LogStaticLightingSystem: Running Lightmass w/ Mapping debug paddings DISABLED
[2017.02.01-15.30.13:661][472]LogEditorBuildUtils: Build time 0:07
[2017.02.01-15.30.13:982][476]Error, fatal in BeginJobSpecification
[2017.02.01-15.30.13:982][476]Error, fatal in EndJobSpecification
[2017.02.01-15.30.24:440][338]LogSavePackage: Save=1172.47ms
[2017.02.01-15.30.24:440][338]LogSavePackage: Moving '../../../../Documents/CSC8505 - Game Industry Skills/Prototype/PrototypeCW/FlexPrototype/Saved/RollingBPExampleMap2AFD214E4452F0ED873971B37BD917ED.tmp' to '../../../../Documents/CSC8505 - Game Industry Skills/Prototype/PrototypeCW/FlexPrototype/Content/RollingBP/Maps/RollingBPExampleMap.umap'
[2017.02.01-15.30.24:446][338]LogSavePackage:Display: Finished SavePackage ../../../../Documents/CSC8505 - Game Industry Skills/Prototype/PrototypeCW/FlexPrototype/Content/RollingBP/Maps/RollingBPExampleMap.umap
[2017.02.01-15.30.27:152][582]LogSavePackage: Save=17.25ms
[2017.02.01-15.30.27:152][582]LogSavePackage: Moving '../../../../Documents/CSC8505 - Game Industry Skills/Prototype/PrototypeCW/FlexPrototype/Saved/RollingGameMode0A1E47EE48F4435DE3C156B31E21DCEF.tmp' to '../../../../Documents/CSC8505 - Game Industry Skills/Prototype/PrototypeCW/FlexPrototype/Content/RollingBP/Blueprints/RollingGameMode.uasset'
[2017.02.01-15.30.27:153][582]LogSavePackage:Display: Finished SavePackage ../../../../Documents/CSC8505 - Game Industry Skills/Prototype/PrototypeCW/FlexPrototype/Content/RollingBP/Blueprints/RollingGameMode.uasset
[2017.02.01-15.30.29:070][771]LogActorComponent: UnregisterComponent: (/Engine/Transient.EditorFloorComp) Not registered. Aborting.
[2017.02.01-15.30.29:284][772]Cmd: QUIT_EDITOR
[2017.02.01-15.30.30:093][772]LogExit: Preparing to exit.
[2017.02.01-15.30.30:595][772]LogExit: Editor shut down
[2017.02.01-15.30.30:596][772]LogExit: Transaction tracking system shut down
[2017.02.01-15.30.31:057][772]LogObj: Freed 0b from 0 cluster array pools.
[2017.02.01-15.30.31:058][772]LogExit: Object subsystem successfully closed.
[2017.02.01-15.30.31:524][772]LogD3D11RHI: Shutdown
[2017.02.01-15.30.31:525][772]LogD3D11RHI: CleanupD3DDevice
[2017.02.01-15.30.31:625][772]LogD3D11RHI: ~FD3D11DynamicRHI
[2017.02.01-15.30.31:637][772]LogModuleManager: Shutting down and abandoning module MovieSceneCapture (210)
[2017.02.01-15.30.31:637][772]LogModuleManager: Shutting down and abandoning module BlueprintGraph (209)
[2017.02.01-15.30.31:637][772]LogModuleManager: Shutting down and abandoning module HierarchicalLODOutliner (208)
[2017.02.01-15.30.31:637][772]LogModuleManager: Shutting down and abandoning module CrashTracker (207)
[2017.02.01-15.30.31:637][772]LogModuleManager: Shutting down and abandoning module SceneOutliner (206)
[2017.02.01-15.30.31:637][772]LogModuleManager: Shutting down and abandoning module WidgetCarousel (205)
[2017.02.01-15.30.31:637][772]LogModuleManager: Shutting down and abandoning module AddContentDialog (204)
[2017.02.01-15.30.31:638][772]LogModuleManager: Shutting down and abandoning module GameplayTags (203)
[2017.02.01-15.30.31:638][772]LogModuleManager: Shutting down and abandoning module EditorWidgets (202)
[2017.02.01-15.30.31:638][772]LogModuleManager: Shutting down and abandoning module CollectionManager (201)
[2017.02.01-15.30.31:639][772]LogModuleManager: Shutting down and abandoning module StatsViewer (200)
[2017.02.01-15.30.31:639][772]LogModuleManager: Shutting down and abandoning module FoliageEdit (199)
[2017.02.01-15.30.31:639][772]LogModuleManager: Shutting down and abandoning module LandscapeEditor (198)
[2017.02.01-15.30.31:639][772]LogModuleManager: Shutting down and abandoning module SceneDepthPickerMode (197)
[2017.02.01-15.30.31:639][772]LogModuleManager: Shutting down and abandoning module ActorPickerMode (196)
[2017.02.01-15.30.31:639][772]LogModuleManager: Shutting down and abandoning module GeometryMode (195)
[2017.02.01-15.30.31:639][772]LogModuleManager: Shutting down and abandoning module TextureAlignMode (194)
[2017.02.01-15.30.31:639][772]LogModuleManager: Shutting down and abandoning module BspMode (193)
[2017.02.01-15.30.31:639][772]LogModuleManager: Shutting down and abandoning module HardwareSurvey (192)
[2017.02.01-15.30.31:639][772]LogModuleManager: Shutting down and abandoning module SequenceRecorderSections (191)
[2017.02.01-15.30.31:639][772]LogModuleManager: Shutting down and abandoning module SequenceRecorder (190)
[2017.02.01-15.30.31:639][772]LogModuleManager: Shutting down and abandoning module AutomationWorker (189)
[2017.02.01-15.30.31:639][772]LogModuleManager: Shutting down and abandoning module MatineeToLevelSequence (188)
[2017.02.01-15.30.31:639][772]LogModuleManager: Shutting down and abandoning module PlacementMode (187)
[2017.02.01-15.30.31:639][772]LogModuleManager: Shutting down and abandoning module LevelSequenceEditor (186)
[2017.02.01-15.30.31:640][772]LogModuleManager: Shutting down and abandoning module CharacterAI (185)
[2017.02.01-15.30.31:640][772]LogModuleManager: Shutting down and abandoning module SmartSnapping (184)
[2017.02.01-15.30.31:640][772]LogModuleManager: Shutting down and abandoning module SessionServices (183)
[2017.02.01-15.30.31:640][772]LogModuleManager: Shutting down and abandoning module ViewportSnapping (182)
[2017.02.01-15.30.31:640][772]LogModuleManager: Shutting down and abandoning module LogVisualizer (181)
[2017.02.01-15.30.31:640][772]LogModuleManager: Shutting down and abandoning module GameProjectGeneration (180)
[2017.02.01-15.30.31:640][772]LogModuleManager: Shutting down and abandoning module IntroTutorials (179)
[2017.02.01-15.30.31:640][772]LogModuleManager: Shutting down and abandoning module EditorLiveStreaming (178)
[2017.02.01-15.30.31:640][772]LogModuleManager: Shutting down and abandoning module IOSPlatformEditor (177)
[2017.02.01-15.30.31:640][772]LogModuleManager: Shutting down and abandoning module HTML5PlatformEditor (176)
[2017.02.01-15.30.31:640][772]LogModuleManager: Shutting down and abandoning module AndroidDeviceDetection (175)
[2017.02.01-15.30.31:999][772]LogModuleManager: Shutting down and abandoning module AndroidPlatformEditor (174)
[2017.02.01-15.30.31:999][772]LogModuleManager: Shutting down and abandoning module IOSRuntimeSettings (173)
[2017.02.01-15.30.31:999][772]LogModuleManager: Shutting down and abandoning module AndroidRuntimeSettings (172)
[2017.02.01-15.30.31:999][772]LogModuleManager: Shutting down and abandoning module MergeActors (171)
[2017.02.01-15.30.31:999][772]LogModuleManager: Shutting down and abandoning module SizeMap (170)
[2017.02.01-15.30.31:999][772]LogModuleManager: Shutting down and abandoning module TreeMap (169)
[2017.02.01-15.30.31:999][772]LogModuleManager: Shutting down and abandoning module ReferenceViewer (168)
[2017.02.01-15.30.31:999][772]LogModuleManager: Shutting down and abandoning module LocalizationService (167)
[2017.02.01-15.30.31:999][772]LogModuleManager: Shutting down and abandoning module LocalizationDashboard (166)
[2017.02.01-15.30.31:999][772]LogModuleManager: Shutting down and abandoning module HardwareTargeting (165)
[2017.02.01-15.30.31:999][772]LogModuleManager: Shutting down and abandoning module DeviceProfileEditor (164)
[2017.02.01-15.30.31:999][772]LogModuleManager: Shutting down and abandoning module UndoHistory (163)
[2017.02.01-15.30.31:999][772]LogModuleManager: Shutting down and abandoning module UserFeedback (162)
[2017.02.01-15.30.31:999][772]LogModuleManager: Shutting down and abandoning module XmlParser (161)
[2017.02.01-15.30.31:999][772]LogModuleManager: Shutting down and abandoning module Blutility (160)
[2017.02.01-15.30.31:999][772]LogModuleManager: Shutting down and abandoning module ProjectTargetPlatformEditor (159)
[2017.02.01-15.30.31:999][772]LogModuleManager: Shutting down and abandoning module ProjectSettingsViewer (158)
[2017.02.01-15.30.31:999][772]LogModuleManager: Shutting down and abandoning module InputBindingEditor (157)
[2017.02.01-15.30.32:000][772]LogModuleManager: Shutting down and abandoning module EditorSettingsViewer (156)
[2017.02.01-15.30.32:000][772]LogModuleManager: Shutting down and abandoning module SettingsEditor (155)
[2017.02.01-15.30.32:000][772]LogModuleManager: Shutting down and abandoning module ProjectLauncher (154)
[2017.02.01-15.30.32:000][772]LogModuleManager: Shutting down and abandoning module SessionFrontend (153)
[2017.02.01-15.30.32:000][772]LogModuleManager: Shutting down and abandoning module ProfilerClient (152)
[2017.02.01-15.30.32:000][772]LogModuleManager: Shutting down and abandoning module TargetDeviceServices (151)
[2017.02.01-15.30.32:000][772]LogModuleManager: Shutting down and abandoning module DeviceManager (150)
[2017.02.01-15.30.32:033][772]LogModuleManager: Shutting down and abandoning module AutomationController (149)
[2017.02.01-15.30.32:033][772]LogModuleManager: Shutting down and abandoning module AutomationWindow (148)
[2017.02.01-15.30.32:033][772]LogModuleManager: Shutting down and abandoning module Layers (147)
[2017.02.01-15.30.32:033][772]LogModuleManager: Shutting down and abandoning module ComponentVisualizers (146)
[2017.02.01-15.30.32:033][772]LogModuleManager: Shutting down and abandoning module DetailCustomizations (145)
[2017.02.01-15.30.32:033][772]LogModuleManager: Shutting down and abandoning module PackagesDialog (144)
[2017.02.01-15.30.32:033][772]LogModuleManager: Shutting down and abandoning module Persona (143)
[2017.02.01-15.30.32:033][772]LogModuleManager: Shutting down and abandoning module Kismet (142)
[2017.02.01-15.30.32:033][772]LogModuleManager: Shutting down and abandoning module GraphEditor (141)
[2017.02.01-15.30.32:034][772]LogModuleManager: Shutting down and abandoning module ClassViewer (140)
[2017.02.01-15.30.32:036][772]LogModuleManager: Shutting down and abandoning module Toolbox (139)
[2017.02.01-15.30.32:036][772]LogModuleManager: Shutting down and abandoning module ModuleUI (138)
[2017.02.01-15.30.32:037][772]LogModuleManager: Shutting down and abandoning module MovieSceneTools (137)
[2017.02.01-15.30.32:037][772]LogModuleManager: Shutting down and abandoning module OutputLog (136)
[2017.02.01-15.30.32:037][772]LogModuleManager: Shutting down and abandoning module GammaUI (135)
[2017.02.01-15.30.32:037][772]LogModuleManager: Shutting down and abandoning module Documentation (134)
[2017.02.01-15.30.32:037][772]LogModuleManager: Shutting down and abandoning module StreamingPauseRendering (133)
[2017.02.01-15.30.32:037][772]LogModuleManager: Shutting down and abandoning module AnalyticsET (132)
[2017.02.01-15.30.32:037][772]LogModuleManager: Shutting down and abandoning module Analytics (131)
[2017.02.01-15.30.32:037][772]LogModuleManager: Shutting down and abandoning module PortalServices (130)
[2017.02.01-15.30.32:037][772]LogModuleManager: Shutting down and abandoning module PortalRpc (129)
[2017.02.01-15.30.32:037][772]LogModuleManager: Shutting down and abandoning module MessagingRpc (128)
[2017.02.01-15.30.32:037][772]LogModuleManager: Shutting down and abandoning module GameplayDebugger (127)
[2017.02.01-15.30.32:037][772]LogModuleManager: Shutting down and abandoning module AITestSuite (126)
[2017.02.01-15.30.32:037][772]LogModuleManager: Shutting down and abandoning module AIModule (125)
[2017.02.01-15.30.32:037][772]LogModuleManager: Shutting down and abandoning module ProfilerService (124)
[2017.02.01-15.30.32:129][772]LogModuleManager: Shutting down and abandoning module TaskGraph (123)
[2017.02.01-15.30.32:129][772]LogModuleManager: Shutting down and abandoning module SlateRemote (122)
[2017.02.01-15.30.32:129][772]LogModuleManager: Shutting down and abandoning module SteamVRController (121)
[2017.02.01-15.30.32:129][772]LogModuleManager: Shutting down and abandoning module SteamVR (120)
[2017.02.01-15.30.32:129][772]LogModuleManager: Shutting down and abandoning module ProceduralMeshComponent (119)
[2017.02.01-15.30.32:129][772]LogModuleManager: Shutting down and abandoning module OculusLibrary (118)
[2017.02.01-15.30.32:129][772]LogModuleManager: Shutting down and abandoning module OculusInput (117)
[2017.02.01-15.30.32:129][772]LogModuleManager: Shutting down and abandoning module CustomMeshComponent (116)
[2017.02.01-15.30.32:129][772]LogModuleManager: Shutting down and abandoning module CableComponent (115)
[2017.02.01-15.30.32:129][772]LogModuleManager: Shutting down and abandoning module ArchVisCharacter (114)
[2017.02.01-15.30.32:129][772]LogModuleManager: Shutting down and abandoning module MediaPlayerEditor (113)
[2017.02.01-15.30.32:129][772]LogModuleManager: Shutting down and abandoning module HTML5Networking (112)
[2017.02.01-15.30.32:129][772]LogModuleManager: Shutting down and abandoning module SuperSearch (111)
[2017.02.01-15.30.32:129][772]LogModuleManager: Shutting down and abandoning module SuperSearchEditor (110)
[2017.02.01-15.30.32:129][772]LogModuleManager: Shutting down and abandoning module SpeedTreeImporter (109)
[2017.02.01-15.30.32:129][772]LogModuleManager: Shutting down and abandoning module PluginBrowser (108)
[2017.02.01-15.30.32:129][772]LogModuleManager: Shutting down and abandoning module EpicSurvey (107)
[2017.02.01-15.30.32:129][772]LogModuleManager: Shutting down and abandoning module DesktopPlatform (106)
[2017.02.01-15.30.32:129][772]LogModuleManager: Shutting down and abandoning module VisualStudioSourceCodeAccess (105)
[2017.02.01-15.30.32:130][772]LogModuleManager: Shutting down and abandoning module UObjectPlugin (104)
[2017.02.01-15.30.32:130][772]LogModuleManager: Shutting down and abandoning module SubversionSourceControl (103)
[2017.02.01-15.30.32:130][772]LogModuleManager: Shutting down and abandoning module PerforceSourceControl (102)
[2017.02.01-15.30.32:130][772]LogModuleManager: Shutting down and abandoning module SourceControl (101)
[2017.02.01-15.30.32:130][772]LogModuleManager: Shutting down and abandoning module GitSourceControl (100)
[2017.02.01-15.30.32:130][772]LogModuleManager: Shutting down and abandoning module LightPropagationVolumeEditor (99)
[2017.02.01-15.30.32:130][772]LogModuleManager: Shutting down and abandoning module PaperTiledImporter (98)
[2017.02.01-15.30.32:130][772]LogModuleManager: Shutting down and abandoning module PaperSpriteSheetImporter (97)
[2017.02.01-15.30.32:130][772]LogModuleManager: Shutting down and abandoning module MeshPaint (96)
[2017.02.01-15.30.32:130][772]LogModuleManager: Shutting down and abandoning module PixelInspectorModule (95)
[2017.02.01-15.30.32:130][772]LogModuleManager: Shutting down and abandoning module HotReload (94)
[2017.02.01-15.30.32:131][772]LogModuleManager: Shutting down and abandoning module MainFrame (93)
[2017.02.01-15.30.32:131][772]LogModuleManager: Shutting down and abandoning module LevelEditor (92)
[2017.02.01-15.30.32:132][772]LogModuleManager: Shutting down and abandoning module ContentBrowser (91)
[2017.02.01-15.30.32:134][772]LogModuleManager: Shutting down and abandoning module Paper2DEditor (90)
[2017.02.01-15.30.32:134][772]LogModuleManager: Shutting down and abandoning module UdpMessaging (89)
[2017.02.01-15.30.32:235][772]LogModuleManager: Shutting down and abandoning module LightPropagationVolumeRuntime (88)
[2017.02.01-15.30.32:235][772]LogModuleManager: Shutting down and abandoning module Paper2D (87)
[2017.02.01-15.30.32:235][772]LogModuleManager: Shutting down and abandoning module WindowsMoviePlayer (86)
[2017.02.01-15.30.32:235][772]LogModuleManager: Shutting down and abandoning module Media (85)
[2017.02.01-15.30.32:235][772]LogModuleManager: Shutting down and abandoning module WmfMedia (84)
[2017.02.01-15.30.32:235][772]LogModuleManager: Shutting down and abandoning module MediaAssets (83)
[2017.02.01-15.30.32:235][772]LogModuleManager: Shutting down and abandoning module GameLiveStreaming (82)
[2017.02.01-15.30.32:235][772]LogModuleManager: Shutting down and abandoning module GameplayTagsEditor (81)
[2017.02.01-15.30.32:235][772]LogModuleManager: Shutting down and abandoning module OnlineBlueprintSupport (80)
[2017.02.01-15.30.32:235][772]LogModuleManager: Shutting down and abandoning module VREditor (79)
[2017.02.01-15.30.32:236][772]LogModuleManager: Shutting down and abandoning module GameplayTasksEditor (78)
[2017.02.01-15.30.32:236][772]LogModuleManager: Shutting down and abandoning module PropertyEditor (77)
[2017.02.01-15.30.32:236][772]LogModuleManager: Shutting down and abandoning module BehaviorTreeEditor (76)
[2017.02.01-15.30.32:236][772]LogModuleManager: Shutting down and abandoning module FunctionalTesting (75)
[2017.02.01-15.30.32:236][772]LogModuleManager: Shutting down and abandoning module CollisionAnalyzer (74)
[2017.02.01-15.30.32:236][772]LogModuleManager: Shutting down and abandoning module Sequencer (73)
[2017.02.01-15.30.32:236][772]LogModuleManager: Shutting down and abandoning module WorkspaceMenuStructure (72)
[2017.02.01-15.30.32:236][772]LogModuleManager: Shutting down and abandoning module MessageLog (71)
[2017.02.01-15.30.32:236][772]LogModuleManager: Shutting down and abandoning module AssetTools (70)
[2017.02.01-15.30.32:236][772]LogModuleManager: Shutting down and abandoning module UMGEditor (69)
[2017.02.01-15.30.32:236][772]LogModuleManager: Shutting down and abandoning module UMG (68)
[2017.02.01-15.30.32:236][772]LogModuleManager: Shutting down and abandoning module SlateReflector (67)
[2017.02.01-15.30.32:237][772]LogModuleManager: Shutting down and abandoning module Slate (66)
[2017.02.01-15.30.32:237][772]LogModuleManager: Shutting down and abandoning module EditorStyle (65)
[2017.02.01-15.30.32:242][772]LogModuleManager: Shutting down and abandoning module SourceCodeAccess (64)
[2017.02.01-15.30.32:242][772]LogModuleManager: Shutting down and abandoning module HeadMountedDisplay (63)
[2017.02.01-15.30.32:242][772]LogModuleManager: Shutting down and abandoning module XAudio2 (62)
[2017.02.01-15.30.32:242][772]LogModuleManager: Shutting down and abandoning module Networking (60)
[2017.02.01-15.30.32:242][772]LogModuleManager: Shutting down and abandoning module Core (59)
[2017.02.01-15.30.32:242][772]LogModuleManager: Shutting down and abandoning module DirectoryWatcher (58)
[2017.02.01-15.30.32:243][772]LogModuleManager: Shutting down and abandoning module AssetRegistry (57)
[2017.02.01-15.30.32:339][772]LogModuleManager: Shutting down and abandoning module KismetCompiler (56)
[2017.02.01-15.30.32:339][772]LogModuleManager: Shutting down and abandoning module PhysXFormats (55)
[2017.02.01-15.30.32:339][772]LogModuleManager: Shutting down and abandoning module MeshUtilities (54)
[2017.02.01-15.30.32:339][772]LogModuleManager: Shutting down and abandoning module DerivedDataCache (53)
[2017.02.01-15.30.32:420][772]LogDerivedDataCache: Shutdown
[2017.02.01-15.30.32:420][772]LogModuleManager: Shutting down and abandoning module MetalShaderFormat (52)
[2017.02.01-15.30.32:420][772]LogModuleManager: Shutting down and abandoning module VulkanShaderFormat (51)
[2017.02.01-15.30.32:420][772]LogModuleManager: Shutting down and abandoning module ShaderFormatD3D (50)
[2017.02.01-15.30.32:420][772]LogModuleManager: Shutting down and abandoning module ShaderFormatOpenGL (49)
[2017.02.01-15.30.32:420][772]LogModuleManager: Shutting down and abandoning module TextureFormatUncompressed (48)
[2017.02.01-15.30.32:420][772]LogModuleManager: Shutting down and abandoning module ImageWrapper (47)
[2017.02.01-15.30.32:420][772]LogModuleManager: Shutting down and abandoning module TextureFormatASTC (46)
[2017.02.01-15.30.32:420][772]LogModuleManager: Shutting down and abandoning module TextureFormatPVR (45)
[2017.02.01-15.30.32:420][772]LogModuleManager: Shutting down and abandoning module TextureFormatDXT (44)
[2017.02.01-15.30.32:420][772]LogModuleManager: Shutting down and abandoning module TextureFormatIntelISPCTexComp (43)
[2017.02.01-15.30.32:421][772]LogModuleManager: Shutting down and abandoning module AudioFormatOpus (42)
[2017.02.01-15.30.32:421][772]LogModuleManager: Shutting down and abandoning module AudioFormatOgg (41)
[2017.02.01-15.30.32:421][772]LogModuleManager: Shutting down and abandoning module AudioFormatADPCM (40)
[2017.02.01-15.30.32:421][772]LogModuleManager: Shutting down and abandoning module TVOSTargetPlatform (39)
[2017.02.01-15.30.32:421][772]LogModuleManager: Shutting down and abandoning module Messaging (38)
[2017.02.01-15.30.32:421][772]LogModuleManager: Shutting down and abandoning module IOSTargetPlatform (37)
[2017.02.01-15.30.32:421][772]LogModuleManager: Shutting down and abandoning module HTML5TargetPlatform (36)
[2017.02.01-15.30.32:421][772]LogModuleManager: Shutting down and abandoning module Android_MultiTargetPlatform (35)
[2017.02.01-15.30.32:421][772]LogModuleManager: Shutting down and abandoning module Android_ASTCTargetPlatform (34)
[2017.02.01-15.30.32:421][772]LogModuleManager: Shutting down and abandoning module Android_ETC2TargetPlatform (33)
[2017.02.01-15.30.32:421][772]LogModuleManager: Shutting down and abandoning module Android_ETC1TargetPlatform (32)
[2017.02.01-15.30.32:421][772]LogModuleManager: Shutting down and abandoning module Android_DXTTargetPlatform (31)
[2017.02.01-15.30.32:421][772]LogModuleManager: Shutting down and abandoning module Android_ATCTargetPlatform (30)
[2017.02.01-15.30.32:421][772]LogModuleManager: Shutting down and abandoning module Android_PVRTCTargetPlatform (29)
[2017.02.01-15.30.32:421][772]LogModuleManager: Shutting down and abandoning module AndroidTargetPlatform (28)
[2017.02.01-15.30.32:421][772]LogModuleManager: Shutting down and abandoning module AllDesktopTargetPlatform (27)
[2017.02.01-15.30.32:421][772]LogModuleManager: Shutting down and abandoning module WindowsClientTargetPlatform (26)
[2017.02.01-15.30.32:421][772]LogModuleManager: Shutting down and abandoning module WindowsServerTargetPlatform (25)
[2017.02.01-15.30.32:421][772]LogModuleManager: Shutting down and abandoning module WindowsNoEditorTargetPlatform (24)
[2017.02.01-15.30.32:421][772]LogModuleManager: Shutting down and abandoning module WindowsTargetPlatform (23)
[2017.02.01-15.30.32:421][772]LogModuleManager: Shutting down and abandoning module TargetPlatform (22)
[2017.02.01-15.30.32:421][772]LogModuleManager: Shutting down and abandoning module InputCore (21)
[2017.02.01-15.30.32:421][772]LogModuleManager: Shutting down and abandoning module Settings (20)
[2017.02.01-15.30.32:421][772]LogModuleManager: Shutting down and abandoning module OnlineSubsystem (18)
[2017.02.01-15.30.32:421][772]LogModuleManager: Shutting down and abandoning module HTTP (17)
[2017.02.01-15.30.33:924][772]LogModuleManager: Shutting down and abandoning module OculusRift (16)
[2017.02.01-15.30.33:924][772]LogModuleManager: Shutting down and abandoning module ExampleDeviceProfileSelector (15)
[2017.02.01-15.30.33:924][772]LogModuleManager: Shutting down and abandoning module TextureCompressor (14)
[2017.02.01-15.30.33:924][772]LogModuleManager: Shutting down and abandoning module ShaderCore (13)
[2017.02.01-15.30.33:924][772]LogModuleManager: Shutting down and abandoning module Landscape (12)
[2017.02.01-15.30.33:924][772]LogModuleManager: Shutting down and abandoning module SlateRHIRenderer (11)
[2017.02.01-15.30.33:926][772]LogModuleManager: Shutting down and abandoning module OpenGLDrv (10)
[2017.02.01-15.30.33:926][772]LogModuleManager: Shutting down and abandoning module D3D11RHI (9)
[2017.02.01-15.30.33:926][772]LogModuleManager: Shutting down and abandoning module AnimGraphRuntime (8)
[2017.02.01-15.30.33:926][772]LogModuleManager: Shutting down and abandoning module Renderer (7)
[2017.02.01-15.30.33:926][772]LogModuleManager: Shutting down and abandoning module Engine (6)
[2017.02.01-15.30.33:926][772]LogModuleManager: Shutting down and abandoning module CoreUObject (5)
[2017.02.01-15.30.33:926][772]LogModuleManager: Shutting down and abandoning module NetworkFile (4)
[2017.02.01-15.30.33:926][772]LogModuleManager: Shutting down and abandoning module StreamingFile (3)
[2017.02.01-15.30.33:926][772]LogModuleManager: Shutting down and abandoning module SandboxFile (2)
[2017.02.01-15.30.33:926][772]LogModuleManager: Shutting down and abandoning module PakFile (1)
[2017.02.01-15.30.33:928][772]LogExit: Exiting.
[2017.02.01-15.30.33:929][772]Log file closed, 02/01/17 15:30:33
