Log file open, 02/03/17 15:15:18
LogInit:Display: Running engine for game: FlexPrototype
LogPlatformFile: Not using cached read wrapper
LogInit:Display: RandInit(133270316) SRandInit(133270317).
LogInit: Using version manifest at CL 0 with build ID 'd3add0f1-17ef-4da8-be7e-d9afcf78db9a'
LogTaskGraph: Started task graph with 4 named threads and 7 total threads with 1 sets of task threads.
LogStats: Stats thread started at 0.110471
LogInit: Version: 4.12.4-0+UE4
LogInit: API Version: 0
LogInit: Net Version: 0
LogDevObjectVersion: Number of dev versions registered: 13
LogDevObjectVersion:   Dev-Blueprints (B0D832E4-1F89-4F0D-ACCF-7EB736FD4AA2): 3
LogDevObjectVersion:   Dev-Build (E1C64328-A22C-4D53-A36C-8E866417BD8C): 0
LogDevObjectVersion:   Dev-Core (375EC13C-06E4-48FB-B500-84F0262A717E): 1
LogDevObjectVersion:   Dev-Editor (E4B068ED-F494-42E9-A231-DA0B2E46BB41): 2
LogDevObjectVersion:   Dev-Framework (CFFC743F-43B0-4480-9391-14DF171D2073): 6
LogDevObjectVersion:   Dev-Mobile (B02B49B5-BB20-44E9-A304-32B752E40360): 0
LogDevObjectVersion:   Dev-Networking (A4E4105C-59A1-49B5-A7C5-40C4547EDFEE): 0
LogDevObjectVersion:   Dev-Online (39C831C9-5AE6-47DC-9A44-9C173E1C8E7C): 0
LogDevObjectVersion:   Dev-Physics (78F01B33-EBEA-4F98-B9B4-84EACCB95AA2): 0
LogDevObjectVersion:   Dev-Platform (6631380F-2D4D-43E0-8009-CF276956A95A): 0
LogDevObjectVersion:   Dev-Rendering (12F88B9F-8875-4AFC-A67C-D90C383ABD29): 2
LogDevObjectVersion:   Dev-Sequencer (7B5AE74C-D270-4C10-A958-57980B212A5A): 0
LogDevObjectVersion:   Dev-VR (D7296918-1DD6-4BDD-9DE2-64A83CC13884): 0
LogInit: Compiled (64-bit): Jan 31 2017 12:42:42
LogInit: Compiled with Visual C++: 19.00.23026.00
LogInit: Build Configuration: Development
LogInit: Branch Name: UE4
LogInit: Command line:  
LogInit: Base directory: D:/UnrealEngine-FleX/Engine/Binaries/Win64/
LogInit: Installed Engine Build: 0
LogInit: Using libcurl 7.41.0
LogInit:  - built for x86_64-pc-win32
LogInit:  - supports SSL with WinSSL
LogInit:  - other features:
LogInit:      CURL_VERSION_SSL
LogInit:      CURL_VERSION_IPV6
LogInit:      CURL_VERSION_ASYNCHDNS
LogInit:      CURL_VERSION_LARGEFILE
LogInit:      CURL_VERSION_IDN
LogInit:  CurlRequestOptions (configurable via config and command line):
LogInit:  - bVerifyPeer = true  - Libcurl will verify peer certificate
LogInit:  - bUseHttpProxy = false  - Libcurl will NOT use HTTP proxy
LogInit:  - bDontReuseConnections = false  - Libcurl will reuse connections
LogInit:  - CertBundlePath = nullptr  - Libcurl will use whatever was configured at build time.
LogInit: Presizing for max 8388607 objects, including 0 objects not considered by GC, pre-allocating 0 bytes for permanent pool.
LogInit: Object subsystem initialized
[2017.02.03-15.15.18:367][  0]LogInit: Selected Device Profile: [Windows]
[2017.02.03-15.15.18:367][  0]LogInit: Applying CVar settings loaded from the selected device profile: [Windows]
[2017.02.03-15.15.18:387][  0]LogInit: Computer: TERRAN46
[2017.02.03-15.15.18:387][  0]LogInit: User: b3038557
[2017.02.03-15.15.18:387][  0]LogInit: CPU Page size=65536, Cores=4
[2017.02.03-15.15.18:387][  0]LogInit: High frequency timer resolution =3.117768 MHz
[2017.02.03-15.15.18:387][  0]LogMemory: Memory total: Physical=7.8GB (8GB approx)
[2017.02.03-15.15.18:387][  0]LogMemory: Platform Memory Stats for Windows
[2017.02.03-15.15.18:387][  0]LogMemory: Process Physical Memory: 188.31 MB used, 188.31 MB peak
[2017.02.03-15.15.18:387][  0]LogMemory: Process Virtual Memory: 194.88 MB used, 194.88 MB peak
[2017.02.03-15.15.18:387][  0]LogMemory: Physical Memory: 2011.00 MB used, 8032.55 MB total
[2017.02.03-15.15.18:387][  0]LogMemory: Virtual Memory: 533.70 MB used, 134217728.00 MB total
[2017.02.03-15.15.19:212][  0]LogTextLocalizationManager: No specific translations for ('en-GB') exist, so ('en') translations will be used.
[2017.02.03-15.15.19:568][  0]LogD3D11RHI: D3D11 adapters:
[2017.02.03-15.15.19:585][  0]LogD3D11RHI:    0. 'NVIDIA GeForce GTX 970' (Feature Level 11_0)
[2017.02.03-15.15.19:585][  0]LogD3D11RHI:       3991/0/4016 MB DedicatedVideo/DedicatedSystem/SharedSystem, Outputs:2, VendorId:0x10de
[2017.02.03-15.15.19:590][  0]LogD3D11RHI:    1. 'Intel(R) HD Graphics 4600' (Feature Level 11_0)
[2017.02.03-15.15.19:590][  0]LogD3D11RHI:       32/0/1760 MB DedicatedVideo/DedicatedSystem/SharedSystem, Outputs:0, VendorId:0x8086
[2017.02.03-15.15.19:591][  0]LogD3D11RHI:    2. 'Microsoft Basic Render Driver' (Feature Level 11_0)
[2017.02.03-15.15.19:591][  0]LogD3D11RHI:       0/0/256 MB DedicatedVideo/DedicatedSystem/SharedSystem, Outputs:0, VendorId:0x1414
[2017.02.03-15.15.19:591][  0]LogD3D11RHI: Chosen D3D11 Adapter: 0
[2017.02.03-15.15.19:594][  0]LogD3D11RHI: Creating new Direct3DDevice
[2017.02.03-15.15.19:594][  0]LogD3D11RHI:     GPU DeviceId: 0x13c2 (for the marketing name, search the web for "GPU Device Id")
[2017.02.03-15.15.19:594][  0]LogWindows: EnumDisplayDevices:
[2017.02.03-15.15.19:594][  0]LogWindows:    0. 'NVIDIA GeForce GTX 970' (P:0 D:1)
[2017.02.03-15.15.19:594][  0]LogWindows:    1. 'NVIDIA GeForce GTX 970' (P:1 D:1)
[2017.02.03-15.15.19:594][  0]LogWindows:    2. 'NVIDIA GeForce GTX 970' (P:0 D:0)
[2017.02.03-15.15.19:594][  0]LogWindows:    3. 'NVIDIA GeForce GTX 970' (P:0 D:0)
[2017.02.03-15.15.19:594][  0]LogWindows:    4. 'Intel(R) HD Graphics 4600' (P:0 D:0)
[2017.02.03-15.15.19:594][  0]LogWindows:    5. 'Intel(R) HD Graphics 4600' (P:0 D:0)
[2017.02.03-15.15.19:594][  0]LogWindows:    6. 'Intel(R) HD Graphics 4600' (P:0 D:0)
[2017.02.03-15.15.19:594][  0]LogWindows: DebugString: PrimaryIsNotTheChoosenAdapter PrimaryIsNotTheChoosenAdapter PrimaryIsNotTheChoosenAdapter FoundDriverCount:4 
[2017.02.03-15.15.19:594][  0]LogD3D11RHI:     Adapter Name: NVIDIA GeForce GTX 970
[2017.02.03-15.15.19:594][  0]LogD3D11RHI:   Driver Version: 373.06 (internal:21.21.13.7306, unified:373.06)
[2017.02.03-15.15.19:594][  0]LogD3D11RHI:      Driver Date: 10-1-2016
[2017.02.03-15.15.19:594][  0]LogRHI: Texture pool is 1361 MB (70% of 1945 MB)
[2017.02.03-15.15.19:605][  0]LogD3D11RHI: Async texture creation enabled
[2017.02.03-15.15.19:621][  0]LogD3D11RHI: GPU Timing Frequency: 1000.000000 (Debug: 2 2)
[2017.02.03-15.15.19:621][  0]LogShaderCompilers: Guid format shader working directory is -39 characters bigger than the processId version (../../../../Documents/CSC8505 - Game Industry Skills/Prototype/PrototypeCW/FlexPrototype/Intermediate/Shaders/WorkingDirectory/3860/).
[2017.02.03-15.15.19:621][  0]LogShaderCompilers: Cleaned the shader compiler working directory 'C:/Users/b3038557/AppData/Local/Temp/UnrealShaderWorkingDir/1696669A4F5AC10D657E86BE3CDE37FD/'.
[2017.02.03-15.15.19:621][  0]LogShaderCompilers:Display: Using Local Shader Compiler.
[2017.02.03-15.15.21:113][  0]LogTemp:Display: Loaded TP WindowsTargetPlatform
[2017.02.03-15.15.21:118][  0]LogTemp:Display: Loaded TP WindowsNoEditorTargetPlatform
[2017.02.03-15.15.21:124][  0]LogTemp:Display: Loaded TP WindowsServerTargetPlatform
[2017.02.03-15.15.21:129][  0]LogTemp:Display: Loaded TP WindowsClientTargetPlatform
[2017.02.03-15.15.21:135][  0]LogTemp:Display: Loaded TP AllDesktopTargetPlatform
[2017.02.03-15.15.21:142][  0]LogTemp:Display: Loaded TP AndroidTargetPlatform
[2017.02.03-15.15.21:147][  0]LogTemp:Display: Loaded TP Android_PVRTCTargetPlatform
[2017.02.03-15.15.21:152][  0]LogTemp:Display: Loaded TP Android_ATCTargetPlatform
[2017.02.03-15.15.21:157][  0]LogTemp:Display: Loaded TP Android_DXTTargetPlatform
[2017.02.03-15.15.21:162][  0]LogTemp:Display: Loaded TP Android_ETC1TargetPlatform
[2017.02.03-15.15.21:167][  0]LogTemp:Display: Loaded TP Android_ETC2TargetPlatform
[2017.02.03-15.15.21:172][  0]LogTemp:Display: Loaded TP Android_ASTCTargetPlatform
[2017.02.03-15.15.21:177][  0]LogTemp:Display: Loaded TP Android_MultiTargetPlatform
[2017.02.03-15.15.21:188][  0]LogTemp:Display: Loaded TP HTML5TargetPlatform
[2017.02.03-15.15.21:251][  0]LogTemp:Display: Loaded TP IOSTargetPlatform
[2017.02.03-15.15.21:256][  0]LogTemp:Display: Loaded TP TVOSTargetPlatform
[2017.02.03-15.15.21:256][  0]LogTargetPlatformManager:Display: Building Assets For Windows
[2017.02.03-15.15.21:703][  0]LogDerivedDataCache:Display: Max Cache Size: 512 MB
[2017.02.03-15.15.22:115][  0]LogDerivedDataCache: Loaded boot cache 0.41s 54MB ../../../../Documents/CSC8505 - Game Industry Skills/Prototype/PrototypeCW/FlexPrototype/DerivedDataCache/Boot.ddc.
[2017.02.03-15.15.22:115][  0]LogDerivedDataCache:Display: Loaded Boot cache: ../../../../Documents/CSC8505 - Game Industry Skills/Prototype/PrototypeCW/FlexPrototype/DerivedDataCache/Boot.ddc
[2017.02.03-15.15.22:116][  0]LogDerivedDataCache: FDerivedDataBackendGraph:  Pak pak cache file ../../../../Documents/CSC8505 - Game Industry Skills/Prototype/PrototypeCW/FlexPrototype/DerivedDataCache/DDC.ddp not found, will not use a pak cache.
[2017.02.03-15.15.22:116][  0]LogDerivedDataCache: Unable to find inner node Pak for hierarchical cache Hierarchy.
[2017.02.03-15.15.22:116][  0]LogDerivedDataCache: FDerivedDataBackendGraph:  EnginePak pak cache file ../../../Engine/DerivedDataCache/DDC.ddp not found, will not use a pak cache.
[2017.02.03-15.15.22:116][  0]LogDerivedDataCache: Unable to find inner node EnginePak for hierarchical cache Hierarchy.
[2017.02.03-15.15.22:129][  0]LogDerivedDataCache: Using Local data cache path ../../../Engine/DerivedDataCache: Writable
[2017.02.03-15.15.22:129][  0]LogDerivedDataCache: Shared data cache path not found in *engine.ini, will not use an Shared cache.
[2017.02.03-15.15.22:129][  0]LogDerivedDataCache: Unable to find inner node Shared for hierarchical cache Hierarchy.
[2017.02.03-15.15.29:401][  0]LogInit: Selected Device Profile: [Windows]
[2017.02.03-15.15.29:401][  0]LogContentStreaming: Texture pool size is 0.00 MB
[2017.02.03-15.15.29:631][  0]LogMeshUtilities: No automatic mesh reduction module available
[2017.02.03-15.15.29:631][  0]LogMeshUtilities: No automatic mesh merging module available
[2017.02.03-15.15.29:631][  0]LogMeshUtilities: No distributed automatic mesh merging module available
[2017.02.03-15.15.30:141][  0]LogAssetRegistry: FAssetRegistry took 0.0214 seconds to start up
[2017.02.03-15.15.30:160][  0]LogPackageLocalizationCache: Processed 3 localized package path(s) for 2 prioritized culture(s) in 0.018394 seconds
[2017.02.03-15.15.30:164][  0]LogUObjectArray: 28947 objects as part of root set at end of initial load.
[2017.02.03-15.15.30:164][  0]LogUObjectAllocator: 5900040 out of 0 bytes used by permanent object pool.
[2017.02.03-15.15.30:164][  0]LogUObjectArray: CloseDisregardForGC: 0/0 objects in disregard for GC pool
[2017.02.03-15.15.30:167][  0]LogInit: WinSock: version 1.1 (2.2), MaxSocks=32767, MaxUdp=65467
[2017.02.03-15.15.30:743][  0]LogSlate: SlateFontCache - WITH_FREETYPE: 1, WITH_HARFBUZZ: 1
[2017.02.03-15.15.30:743][  0]LogSlate: SlateFontCache - WITH_FREETYPE: 1, WITH_HARFBUZZ: 1
[2017.02.03-15.15.35:909][  0]LogUdpMessaging: Initializing bridge on interface 0.0.0.0:0 to multicast group 230.0.0.1:6666.
[2017.02.03-15.15.36:376][  0]SourceControl: Info Source control is disabled
[2017.02.03-15.15.36:376][  0]SourceControl: Info Source control is disabled
[2017.02.03-15.15.36:382][  0]SourceControl: Info Source control is disabled
[2017.02.03-15.15.36:388][  0]SourceControl: Info Source control is disabled
[2017.02.03-15.15.36:566][  0]LogEngine: Initializing Engine...
[2017.02.03-15.15.36:593][  0]LogHMD: SteamVR failed to initialize.  Err: 110
[2017.02.03-15.15.36:593][  0]LogHMD: SteamVR failed to initialize.  Err: 110
[2017.02.03-15.15.36:806][  0]LogAIModule: Creating AISystem for world NewWorld
[2017.02.03-15.15.36:808][  0]LogInit: No audio devices found!
[2017.02.03-15.15.36:835][  0]LogDerivedDataCache: Saved boot cache 0.03s 54MB ../../../../Documents/CSC8505 - Game Industry Skills/Prototype/PrototypeCW/FlexPrototype/DerivedDataCache/Boot.ddc.
[2017.02.03-15.15.36:845][  0]LogInit: Texture streaming: Enabled
[2017.02.03-15.15.36:896][  0]LogInit: Transaction tracking system initialized
[2017.02.03-15.15.36:907][  0]BlueprintLog: New page: Editor Load
[2017.02.03-15.15.36:955][  0]LocalizationService: Info Localization service is disabled
[2017.02.03-15.15.37:009][  0]LogConsoleResponse:Display: 
[2017.02.03-15.15.37:372][  0]LogCook:Display: Max memory allowance for cook 8192mb
[2017.02.03-15.15.37:372][  0]LogCook:Display: Mobile HDR setting 1
[2017.02.03-15.15.37:492][  0]LogFileCache: Scanning file cache for directory 'D:/Documents/CSC8505 - Game Industry Skills/Prototype/PrototypeCW/FlexPrototype/Content/' took 0.02s
[2017.02.03-15.15.37:492][  0]SourceControl: Info Source control is disabled
[2017.02.03-15.15.37:492][  0]Cmd: MAP LOAD FILE="../../../../Documents/CSC8505 - Game Industry Skills/Prototype/PrototypeCW/FlexPrototype/Content/RollingBP/Maps/RollingBPExampleMap.umap" TEMPLATE=0 SHOWPROGRESS=1 FEATURELEVEL=3
[2017.02.03-15.15.37:563][  0]LightingResults: New page: Lighting Build
[2017.02.03-15.15.37:565][  0]MapCheck: New page: Map Check
[2017.02.03-15.15.37:565][  0]LightingResults: New page: Lighting Build
[2017.02.03-15.15.38:460][  0]LogAIModule: Creating AISystem for world RollingBPExampleMap
[2017.02.03-15.15.38:585][  0]LogEditorServer: Finished looking for orphan Actors (0.000 secs)
[2017.02.03-15.15.38:585][  0]Cmd: MAP CHECKDEP NOCLEARLOG
[2017.02.03-15.15.38:621][  0]MapCheck: Info Map check complete: 0 Error(s), 0 Warning(s), took 35.746ms to complete.
[2017.02.03-15.15.38:621][  0]LogFileHelpers: Loading map 'RollingBPExampleMap' took 1.129
[2017.02.03-15.15.38:764][  0]LogCollectionManager: Loaded 0 collections in 0.000693 seconds
[2017.02.03-15.15.38:804][  0]LogFileCache: Scanning file cache for directory 'D:/Documents/CSC8505 - Game Industry Skills/Prototype/PrototypeCW/FlexPrototype/Saved/Collections/' took 0.01s
[2017.02.03-15.15.38:804][  0]LogFileCache: Scanning file cache for directory 'D:/Documents/CSC8505 - Game Industry Skills/Prototype/PrototypeCW/FlexPrototype/Content/Developers/b3038557/Collections/' took 0.01s
[2017.02.03-15.15.38:804][  0]LogFileCache: Scanning file cache for directory 'D:/Documents/CSC8505 - Game Industry Skills/Prototype/PrototypeCW/FlexPrototype/Content/Collections/' took 0.01s
[2017.02.03-15.15.38:804][  0]LogCollectionManager: Rebuilt the GUID cache for 0 collections in 0.000002 seconds
[2017.02.03-15.15.38:811][  0]LogContentBrowser: Native class hierarchy populated in 0.0069 seconds. Added 2065 classes and 368 folders.
[2017.02.03-15.15.38:813][  0]LogStats: UGameplayTagsManager::ConstructGameplayTagTree: Construct from data asset -  0.000 s
[2017.02.03-15.15.38:813][  0]LogStats: UGameplayTagsManager::ConstructGameplayTagTree: GameplayTagTreeChangedEvent.Broadcast -  0.000 s
[2017.02.03-15.15.38:814][  0]LogContentBrowser: Native class hierarchy updated for 'GameplayTags' in 0.0004 seconds. Added 12 classes and 0 folders.
[2017.02.03-15.15.38:815][  0]LogContentBrowser: Native class hierarchy updated for 'WidgetCarousel' in 0.0003 seconds. Added 0 classes and 0 folders.
[2017.02.03-15.15.39:003][  0]LogContentBrowser: Native class hierarchy updated for 'AddContentDialog' in 0.0003 seconds. Added 0 classes and 0 folders.
[2017.02.03-15.15.39:005][  0]LogContentBrowser: Native class hierarchy updated for 'SceneOutliner' in 0.0003 seconds. Added 1 classes and 2 folders.
[2017.02.03-15.15.39:018][  0]LogCrashTracker: Crashtracker disabled due to settings.
[2017.02.03-15.15.39:022][  0]LogUObjectGlobals:Warning: Failed to find object 'Class None.'
[2017.02.03-15.15.39:047][  0]LogContentBrowser: Native class hierarchy updated for 'HierarchicalLODOutliner' in 0.0004 seconds. Added 1 classes and 2 folders.
[2017.02.03-15.15.39:047][  0]LogLoad: Full Startup: 23.96 seconds (BP compile: 0.13 seconds)
[2017.02.03-15.15.39:047][  0]LogExternalProfiler: No external profilers were discovered.  External profiling features will not be available.
[2017.02.03-15.15.39:387][  0]LogOcInput: OculusInput pre-init called
[2017.02.03-15.15.39:405][  0]LogContentStreaming: Texture pool size now 1000 MB
[2017.02.03-15.15.39:604][  0]LogRenderer: Reallocating scene render targets to support 1208x576 (Frame:2).
[2017.02.03-15.15.39:733][  1]LogAssetRegistry: Asset discovery search completed in 9.6144 seconds
[2017.02.03-15.15.39:733][  1]LogCollectionManager: Rebuilt the object cache for 0 collections in 0.000001 seconds (found 0 objects)
[2017.02.03-15.15.39:733][  1]LogCollectionManager: Fixed up redirectors for 0 collections in 0.000018 seconds (updated 0 objects)
[2017.02.03-15.45.18:514][330]LogSavePackage: Save=1699.36ms
[2017.02.03-15.45.18:514][330]LogSavePackage: Moving '../../../../Documents/CSC8505 - Game Industry Skills/Prototype/PrototypeCW/FlexPrototype/Saved/RollingBPExampleMapDF6F9E924980B2E85E577FA6292961D3.tmp' to '../../../../Documents/CSC8505 - Game Industry Skills/Prototype/PrototypeCW/FlexPrototype/Content/RollingBP/Maps/RollingBPExampleMap.umap'
[2017.02.03-15.45.18:518][330]LogSavePackage:Display: Finished SavePackage ../../../../Documents/CSC8505 - Game Industry Skills/Prototype/PrototypeCW/FlexPrototype/Content/RollingBP/Maps/RollingBPExampleMap.umap
[2017.02.03-15.45.25:830][181]LogWindowsTextInputMethodSystem:Display: IME system now deactivated.
[2017.02.03-15.45.25:992][182]Cmd: QUIT_EDITOR
[2017.02.03-15.45.26:061][182]LogExit: Preparing to exit.
[2017.02.03-15.45.26:854][182]LogExit: Editor shut down
[2017.02.03-15.45.26:855][182]LogExit: Transaction tracking system shut down
[2017.02.03-15.45.27:170][182]LogObj: Freed 0b from 0 cluster array pools.
[2017.02.03-15.45.27:170][182]LogExit: Object subsystem successfully closed.
[2017.02.03-15.45.27:561][182]LogD3D11RHI: Shutdown
[2017.02.03-15.45.27:561][182]LogD3D11RHI: CleanupD3DDevice
[2017.02.03-15.45.27:618][182]LogD3D11RHI: ~FD3D11DynamicRHI
[2017.02.03-15.45.27:627][182]LogModuleManager: Shutting down and abandoning module HierarchicalLODOutliner (208)
[2017.02.03-15.45.27:627][182]LogModuleManager: Shutting down and abandoning module CrashTracker (207)
[2017.02.03-15.45.27:627][182]LogModuleManager: Shutting down and abandoning module SceneOutliner (206)
[2017.02.03-15.45.27:627][182]LogModuleManager: Shutting down and abandoning module WidgetCarousel (205)
[2017.02.03-15.45.27:627][182]LogModuleManager: Shutting down and abandoning module AddContentDialog (204)
[2017.02.03-15.45.27:629][182]LogModuleManager: Shutting down and abandoning module GameplayTags (203)
[2017.02.03-15.45.27:629][182]LogModuleManager: Shutting down and abandoning module EditorWidgets (202)
[2017.02.03-15.45.27:629][182]LogModuleManager: Shutting down and abandoning module CollectionManager (201)
[2017.02.03-15.45.27:629][182]LogModuleManager: Shutting down and abandoning module StatsViewer (200)
[2017.02.03-15.45.27:629][182]LogModuleManager: Shutting down and abandoning module FoliageEdit (199)
[2017.02.03-15.45.27:629][182]LogModuleManager: Shutting down and abandoning module LandscapeEditor (198)
[2017.02.03-15.45.27:629][182]LogModuleManager: Shutting down and abandoning module SceneDepthPickerMode (197)
[2017.02.03-15.45.27:629][182]LogModuleManager: Shutting down and abandoning module ActorPickerMode (196)
[2017.02.03-15.45.27:629][182]LogModuleManager: Shutting down and abandoning module GeometryMode (195)
[2017.02.03-15.45.27:629][182]LogModuleManager: Shutting down and abandoning module TextureAlignMode (194)
[2017.02.03-15.45.27:629][182]LogModuleManager: Shutting down and abandoning module BspMode (193)
[2017.02.03-15.45.27:629][182]LogModuleManager: Shutting down and abandoning module HardwareSurvey (192)
[2017.02.03-15.45.27:629][182]LogModuleManager: Shutting down and abandoning module SequenceRecorderSections (191)
[2017.02.03-15.45.27:629][182]LogModuleManager: Shutting down and abandoning module SequenceRecorder (190)
[2017.02.03-15.45.27:629][182]LogModuleManager: Shutting down and abandoning module AutomationWorker (189)
[2017.02.03-15.45.27:629][182]LogModuleManager: Shutting down and abandoning module MatineeToLevelSequence (188)
[2017.02.03-15.45.27:630][182]LogModuleManager: Shutting down and abandoning module PlacementMode (187)
[2017.02.03-15.45.27:630][182]LogModuleManager: Shutting down and abandoning module LevelSequenceEditor (186)
[2017.02.03-15.45.27:630][182]LogModuleManager: Shutting down and abandoning module CharacterAI (185)
[2017.02.03-15.45.27:630][182]LogModuleManager: Shutting down and abandoning module SmartSnapping (184)
[2017.02.03-15.45.27:630][182]LogModuleManager: Shutting down and abandoning module SessionServices (183)
[2017.02.03-15.45.27:630][182]LogModuleManager: Shutting down and abandoning module ViewportSnapping (182)
[2017.02.03-15.45.27:630][182]LogModuleManager: Shutting down and abandoning module LogVisualizer (181)
[2017.02.03-15.45.27:630][182]LogModuleManager: Shutting down and abandoning module GameProjectGeneration (180)
[2017.02.03-15.45.27:630][182]LogModuleManager: Shutting down and abandoning module IntroTutorials (179)
[2017.02.03-15.45.27:630][182]LogModuleManager: Shutting down and abandoning module EditorLiveStreaming (178)
[2017.02.03-15.45.27:630][182]LogModuleManager: Shutting down and abandoning module IOSPlatformEditor (177)
[2017.02.03-15.45.27:630][182]LogModuleManager: Shutting down and abandoning module HTML5PlatformEditor (176)
[2017.02.03-15.45.27:630][182]LogModuleManager: Shutting down and abandoning module AndroidDeviceDetection (175)
[2017.02.03-15.45.27:904][182]LogModuleManager: Shutting down and abandoning module AndroidPlatformEditor (174)
[2017.02.03-15.45.27:904][182]LogModuleManager: Shutting down and abandoning module IOSRuntimeSettings (173)
[2017.02.03-15.45.27:904][182]LogModuleManager: Shutting down and abandoning module AndroidRuntimeSettings (172)
[2017.02.03-15.45.27:904][182]LogModuleManager: Shutting down and abandoning module MergeActors (171)
[2017.02.03-15.45.27:904][182]LogModuleManager: Shutting down and abandoning module SizeMap (170)
[2017.02.03-15.45.27:904][182]LogModuleManager: Shutting down and abandoning module TreeMap (169)
[2017.02.03-15.45.27:904][182]LogModuleManager: Shutting down and abandoning module ReferenceViewer (168)
[2017.02.03-15.45.27:904][182]LogModuleManager: Shutting down and abandoning module LocalizationService (167)
[2017.02.03-15.45.27:904][182]LogModuleManager: Shutting down and abandoning module LocalizationDashboard (166)
[2017.02.03-15.45.27:904][182]LogModuleManager: Shutting down and abandoning module HardwareTargeting (165)
[2017.02.03-15.45.27:904][182]LogModuleManager: Shutting down and abandoning module DeviceProfileEditor (164)
[2017.02.03-15.45.27:905][182]LogModuleManager: Shutting down and abandoning module UndoHistory (163)
[2017.02.03-15.45.27:905][182]LogModuleManager: Shutting down and abandoning module UserFeedback (162)
[2017.02.03-15.45.27:905][182]LogModuleManager: Shutting down and abandoning module XmlParser (161)
[2017.02.03-15.45.27:905][182]LogModuleManager: Shutting down and abandoning module Blutility (160)
[2017.02.03-15.45.27:905][182]LogModuleManager: Shutting down and abandoning module ProjectTargetPlatformEditor (159)
[2017.02.03-15.45.27:905][182]LogModuleManager: Shutting down and abandoning module ProjectSettingsViewer (158)
[2017.02.03-15.45.27:905][182]LogModuleManager: Shutting down and abandoning module InputBindingEditor (157)
[2017.02.03-15.45.27:906][182]LogModuleManager: Shutting down and abandoning module EditorSettingsViewer (156)
[2017.02.03-15.45.27:906][182]LogModuleManager: Shutting down and abandoning module SettingsEditor (155)
[2017.02.03-15.45.27:906][182]LogModuleManager: Shutting down and abandoning module ProjectLauncher (154)
[2017.02.03-15.45.27:906][182]LogModuleManager: Shutting down and abandoning module SessionFrontend (153)
[2017.02.03-15.45.27:906][182]LogModuleManager: Shutting down and abandoning module ProfilerClient (152)
[2017.02.03-15.45.27:906][182]LogModuleManager: Shutting down and abandoning module TargetDeviceServices (151)
[2017.02.03-15.45.27:906][182]LogModuleManager: Shutting down and abandoning module DeviceManager (150)
[2017.02.03-15.45.27:939][182]LogModuleManager: Shutting down and abandoning module AutomationController (149)
[2017.02.03-15.45.27:939][182]LogModuleManager: Shutting down and abandoning module AutomationWindow (148)
[2017.02.03-15.45.27:939][182]LogModuleManager: Shutting down and abandoning module Layers (147)
[2017.02.03-15.45.27:939][182]LogModuleManager: Shutting down and abandoning module ComponentVisualizers (146)
[2017.02.03-15.45.27:939][182]LogModuleManager: Shutting down and abandoning module DetailCustomizations (145)
[2017.02.03-15.45.27:939][182]LogModuleManager: Shutting down and abandoning module PackagesDialog (144)
[2017.02.03-15.45.27:939][182]LogModuleManager: Shutting down and abandoning module Persona (143)
[2017.02.03-15.45.27:939][182]LogModuleManager: Shutting down and abandoning module Kismet (142)
[2017.02.03-15.45.27:939][182]LogModuleManager: Shutting down and abandoning module GraphEditor (141)
[2017.02.03-15.45.27:940][182]LogModuleManager: Shutting down and abandoning module ClassViewer (140)
[2017.02.03-15.45.27:940][182]LogModuleManager: Shutting down and abandoning module Toolbox (139)
[2017.02.03-15.45.27:940][182]LogModuleManager: Shutting down and abandoning module ModuleUI (138)
[2017.02.03-15.45.27:940][182]LogModuleManager: Shutting down and abandoning module MovieSceneTools (137)
[2017.02.03-15.45.27:940][182]LogModuleManager: Shutting down and abandoning module OutputLog (136)
[2017.02.03-15.45.27:940][182]LogModuleManager: Shutting down and abandoning module GammaUI (135)
[2017.02.03-15.45.27:940][182]LogModuleManager: Shutting down and abandoning module Documentation (134)
[2017.02.03-15.45.27:940][182]LogModuleManager: Shutting down and abandoning module StreamingPauseRendering (133)
[2017.02.03-15.45.27:940][182]LogModuleManager: Shutting down and abandoning module AnalyticsET (132)
[2017.02.03-15.45.27:940][182]LogModuleManager: Shutting down and abandoning module Analytics (131)
[2017.02.03-15.45.27:940][182]LogModuleManager: Shutting down and abandoning module PortalServices (130)
[2017.02.03-15.45.27:940][182]LogModuleManager: Shutting down and abandoning module PortalRpc (129)
[2017.02.03-15.45.27:940][182]LogModuleManager: Shutting down and abandoning module MessagingRpc (128)
[2017.02.03-15.45.27:940][182]LogModuleManager: Shutting down and abandoning module GameplayDebugger (127)
[2017.02.03-15.45.27:940][182]LogModuleManager: Shutting down and abandoning module AITestSuite (126)
[2017.02.03-15.45.27:940][182]LogModuleManager: Shutting down and abandoning module AIModule (125)
[2017.02.03-15.45.27:940][182]LogModuleManager: Shutting down and abandoning module ProfilerService (124)
[2017.02.03-15.45.28:162][182]LogModuleManager: Shutting down and abandoning module TaskGraph (123)
[2017.02.03-15.45.28:162][182]LogModuleManager: Shutting down and abandoning module SlateRemote (122)
[2017.02.03-15.45.28:162][182]LogModuleManager: Shutting down and abandoning module SteamVRController (121)
[2017.02.03-15.45.28:162][182]LogModuleManager: Shutting down and abandoning module SteamVR (120)
[2017.02.03-15.45.28:162][182]LogModuleManager: Shutting down and abandoning module ProceduralMeshComponent (119)
[2017.02.03-15.45.28:162][182]LogModuleManager: Shutting down and abandoning module OculusLibrary (118)
[2017.02.03-15.45.28:162][182]LogModuleManager: Shutting down and abandoning module OculusInput (117)
[2017.02.03-15.45.28:162][182]LogModuleManager: Shutting down and abandoning module CustomMeshComponent (116)
[2017.02.03-15.45.28:162][182]LogModuleManager: Shutting down and abandoning module CableComponent (115)
[2017.02.03-15.45.28:162][182]LogModuleManager: Shutting down and abandoning module ArchVisCharacter (114)
[2017.02.03-15.45.28:162][182]LogModuleManager: Shutting down and abandoning module MediaPlayerEditor (113)
[2017.02.03-15.45.28:162][182]LogModuleManager: Shutting down and abandoning module HTML5Networking (112)
[2017.02.03-15.45.28:162][182]LogModuleManager: Shutting down and abandoning module SuperSearch (111)
[2017.02.03-15.45.28:163][182]LogModuleManager: Shutting down and abandoning module SuperSearchEditor (110)
[2017.02.03-15.45.28:163][182]LogModuleManager: Shutting down and abandoning module SpeedTreeImporter (109)
[2017.02.03-15.45.28:163][182]LogModuleManager: Shutting down and abandoning module PluginBrowser (108)
[2017.02.03-15.45.28:163][182]LogModuleManager: Shutting down and abandoning module EpicSurvey (107)
[2017.02.03-15.45.28:163][182]LogModuleManager: Shutting down and abandoning module DesktopPlatform (106)
[2017.02.03-15.45.28:163][182]LogModuleManager: Shutting down and abandoning module VisualStudioSourceCodeAccess (105)
[2017.02.03-15.45.28:163][182]LogModuleManager: Shutting down and abandoning module UObjectPlugin (104)
[2017.02.03-15.45.28:163][182]LogModuleManager: Shutting down and abandoning module SubversionSourceControl (103)
[2017.02.03-15.45.28:163][182]LogModuleManager: Shutting down and abandoning module PerforceSourceControl (102)
[2017.02.03-15.45.28:163][182]LogModuleManager: Shutting down and abandoning module SourceControl (101)
[2017.02.03-15.45.28:163][182]LogModuleManager: Shutting down and abandoning module GitSourceControl (100)
[2017.02.03-15.45.28:163][182]LogModuleManager: Shutting down and abandoning module LightPropagationVolumeEditor (99)
[2017.02.03-15.45.28:163][182]LogModuleManager: Shutting down and abandoning module PaperTiledImporter (98)
[2017.02.03-15.45.28:163][182]LogModuleManager: Shutting down and abandoning module PaperSpriteSheetImporter (97)
[2017.02.03-15.45.28:163][182]LogModuleManager: Shutting down and abandoning module MeshPaint (96)
[2017.02.03-15.45.28:163][182]LogModuleManager: Shutting down and abandoning module PixelInspectorModule (95)
[2017.02.03-15.45.28:163][182]LogModuleManager: Shutting down and abandoning module HotReload (94)
[2017.02.03-15.45.28:163][182]LogModuleManager: Shutting down and abandoning module MainFrame (93)
[2017.02.03-15.45.28:163][182]LogModuleManager: Shutting down and abandoning module LevelEditor (92)
[2017.02.03-15.45.28:164][182]LogModuleManager: Shutting down and abandoning module ContentBrowser (91)
[2017.02.03-15.45.28:165][182]LogModuleManager: Shutting down and abandoning module Paper2DEditor (90)
[2017.02.03-15.45.28:165][182]LogModuleManager: Shutting down and abandoning module UdpMessaging (89)
[2017.02.03-15.45.28:267][182]LogModuleManager: Shutting down and abandoning module LightPropagationVolumeRuntime (88)
[2017.02.03-15.45.28:267][182]LogModuleManager: Shutting down and abandoning module Paper2D (87)
[2017.02.03-15.45.28:267][182]LogModuleManager: Shutting down and abandoning module WindowsMoviePlayer (86)
[2017.02.03-15.45.28:267][182]LogModuleManager: Shutting down and abandoning module Media (85)
[2017.02.03-15.45.28:267][182]LogModuleManager: Shutting down and abandoning module WmfMedia (84)
[2017.02.03-15.45.28:269][182]LogModuleManager: Shutting down and abandoning module MediaAssets (83)
[2017.02.03-15.45.28:269][182]LogModuleManager: Shutting down and abandoning module GameLiveStreaming (82)
[2017.02.03-15.45.28:269][182]LogModuleManager: Shutting down and abandoning module GameplayTagsEditor (81)
[2017.02.03-15.45.28:269][182]LogModuleManager: Shutting down and abandoning module OnlineBlueprintSupport (80)
[2017.02.03-15.45.28:269][182]LogModuleManager: Shutting down and abandoning module VREditor (79)
[2017.02.03-15.45.28:269][182]LogModuleManager: Shutting down and abandoning module GameplayTasksEditor (78)
[2017.02.03-15.45.28:269][182]LogModuleManager: Shutting down and abandoning module PropertyEditor (77)
[2017.02.03-15.45.28:269][182]LogModuleManager: Shutting down and abandoning module BehaviorTreeEditor (76)
[2017.02.03-15.45.28:269][182]LogModuleManager: Shutting down and abandoning module FunctionalTesting (75)
[2017.02.03-15.45.28:269][182]LogModuleManager: Shutting down and abandoning module CollisionAnalyzer (74)
[2017.02.03-15.45.28:270][182]LogModuleManager: Shutting down and abandoning module Sequencer (73)
[2017.02.03-15.45.28:270][182]LogModuleManager: Shutting down and abandoning module WorkspaceMenuStructure (72)
[2017.02.03-15.45.28:270][182]LogModuleManager: Shutting down and abandoning module MessageLog (71)
[2017.02.03-15.45.28:270][182]LogModuleManager: Shutting down and abandoning module AssetTools (70)
[2017.02.03-15.45.28:270][182]LogModuleManager: Shutting down and abandoning module UMGEditor (69)
[2017.02.03-15.45.28:270][182]LogModuleManager: Shutting down and abandoning module UMG (68)
[2017.02.03-15.45.28:270][182]LogModuleManager: Shutting down and abandoning module SlateReflector (67)
[2017.02.03-15.45.28:270][182]LogModuleManager: Shutting down and abandoning module Slate (66)
[2017.02.03-15.45.28:270][182]LogModuleManager: Shutting down and abandoning module EditorStyle (65)
[2017.02.03-15.45.28:277][182]LogModuleManager: Shutting down and abandoning module SourceCodeAccess (64)
[2017.02.03-15.45.28:277][182]LogModuleManager: Shutting down and abandoning module HeadMountedDisplay (63)
[2017.02.03-15.45.28:277][182]LogModuleManager: Shutting down and abandoning module XAudio2 (62)
[2017.02.03-15.45.28:277][182]LogModuleManager: Shutting down and abandoning module Networking (60)
[2017.02.03-15.45.28:277][182]LogModuleManager: Shutting down and abandoning module Core (59)
[2017.02.03-15.45.28:277][182]LogModuleManager: Shutting down and abandoning module DirectoryWatcher (58)
[2017.02.03-15.45.28:280][182]LogModuleManager: Shutting down and abandoning module AssetRegistry (57)
[2017.02.03-15.45.28:444][182]LogModuleManager: Shutting down and abandoning module KismetCompiler (56)
[2017.02.03-15.45.28:444][182]LogModuleManager: Shutting down and abandoning module PhysXFormats (55)
[2017.02.03-15.45.28:444][182]LogModuleManager: Shutting down and abandoning module MeshUtilities (54)
[2017.02.03-15.45.28:444][182]LogModuleManager: Shutting down and abandoning module DerivedDataCache (53)
[2017.02.03-15.45.28:544][182]LogDerivedDataCache: Shutdown
[2017.02.03-15.45.28:544][182]LogModuleManager: Shutting down and abandoning module MetalShaderFormat (52)
[2017.02.03-15.45.28:544][182]LogModuleManager: Shutting down and abandoning module VulkanShaderFormat (51)
[2017.02.03-15.45.28:544][182]LogModuleManager: Shutting down and abandoning module ShaderFormatD3D (50)
[2017.02.03-15.45.28:544][182]LogModuleManager: Shutting down and abandoning module ShaderFormatOpenGL (49)
[2017.02.03-15.45.28:544][182]LogModuleManager: Shutting down and abandoning module TextureFormatUncompressed (48)
[2017.02.03-15.45.28:544][182]LogModuleManager: Shutting down and abandoning module ImageWrapper (47)
[2017.02.03-15.45.28:544][182]LogModuleManager: Shutting down and abandoning module TextureFormatASTC (46)
[2017.02.03-15.45.28:544][182]LogModuleManager: Shutting down and abandoning module TextureFormatPVR (45)
[2017.02.03-15.45.28:544][182]LogModuleManager: Shutting down and abandoning module TextureFormatDXT (44)
[2017.02.03-15.45.28:544][182]LogModuleManager: Shutting down and abandoning module TextureFormatIntelISPCTexComp (43)
[2017.02.03-15.45.28:544][182]LogModuleManager: Shutting down and abandoning module AudioFormatOpus (42)
[2017.02.03-15.45.28:544][182]LogModuleManager: Shutting down and abandoning module AudioFormatOgg (41)
[2017.02.03-15.45.28:544][182]LogModuleManager: Shutting down and abandoning module AudioFormatADPCM (40)
[2017.02.03-15.45.28:544][182]LogModuleManager: Shutting down and abandoning module TVOSTargetPlatform (39)
[2017.02.03-15.45.28:544][182]LogModuleManager: Shutting down and abandoning module Messaging (38)
[2017.02.03-15.45.28:545][182]LogModuleManager: Shutting down and abandoning module IOSTargetPlatform (37)
[2017.02.03-15.45.28:545][182]LogModuleManager: Shutting down and abandoning module HTML5TargetPlatform (36)
[2017.02.03-15.45.28:545][182]LogModuleManager: Shutting down and abandoning module Android_MultiTargetPlatform (35)
[2017.02.03-15.45.28:545][182]LogModuleManager: Shutting down and abandoning module Android_ASTCTargetPlatform (34)
[2017.02.03-15.45.28:545][182]LogModuleManager: Shutting down and abandoning module Android_ETC2TargetPlatform (33)
[2017.02.03-15.45.28:545][182]LogModuleManager: Shutting down and abandoning module Android_ETC1TargetPlatform (32)
[2017.02.03-15.45.28:545][182]LogModuleManager: Shutting down and abandoning module Android_DXTTargetPlatform (31)
[2017.02.03-15.45.28:545][182]LogModuleManager: Shutting down and abandoning module Android_ATCTargetPlatform (30)
[2017.02.03-15.45.28:545][182]LogModuleManager: Shutting down and abandoning module Android_PVRTCTargetPlatform (29)
[2017.02.03-15.45.28:545][182]LogModuleManager: Shutting down and abandoning module AndroidTargetPlatform (28)
[2017.02.03-15.45.28:545][182]LogModuleManager: Shutting down and abandoning module AllDesktopTargetPlatform (27)
[2017.02.03-15.45.28:545][182]LogModuleManager: Shutting down and abandoning module WindowsClientTargetPlatform (26)
[2017.02.03-15.45.28:545][182]LogModuleManager: Shutting down and abandoning module WindowsServerTargetPlatform (25)
[2017.02.03-15.45.28:545][182]LogModuleManager: Shutting down and abandoning module WindowsNoEditorTargetPlatform (24)
[2017.02.03-15.45.28:545][182]LogModuleManager: Shutting down and abandoning module WindowsTargetPlatform (23)
[2017.02.03-15.45.28:545][182]LogModuleManager: Shutting down and abandoning module TargetPlatform (22)
[2017.02.03-15.45.28:545][182]LogModuleManager: Shutting down and abandoning module InputCore (21)
[2017.02.03-15.45.28:545][182]LogModuleManager: Shutting down and abandoning module Settings (20)
[2017.02.03-15.45.28:545][182]LogModuleManager: Shutting down and abandoning module OnlineSubsystem (18)
[2017.02.03-15.45.28:545][182]LogModuleManager: Shutting down and abandoning module HTTP (17)
[2017.02.03-15.45.32:563][182]LogModuleManager: Shutting down and abandoning module OculusRift (16)
[2017.02.03-15.45.32:563][182]LogModuleManager: Shutting down and abandoning module ExampleDeviceProfileSelector (15)
[2017.02.03-15.45.32:563][182]LogModuleManager: Shutting down and abandoning module TextureCompressor (14)
[2017.02.03-15.45.32:564][182]LogModuleManager: Shutting down and abandoning module ShaderCore (13)
[2017.02.03-15.45.32:564][182]LogModuleManager: Shutting down and abandoning module Landscape (12)
[2017.02.03-15.45.32:564][182]LogModuleManager: Shutting down and abandoning module SlateRHIRenderer (11)
[2017.02.03-15.45.32:564][182]LogModuleManager: Shutting down and abandoning module OpenGLDrv (10)
[2017.02.03-15.45.32:564][182]LogModuleManager: Shutting down and abandoning module D3D11RHI (9)
[2017.02.03-15.45.32:564][182]LogModuleManager: Shutting down and abandoning module AnimGraphRuntime (8)
[2017.02.03-15.45.32:564][182]LogModuleManager: Shutting down and abandoning module Renderer (7)
[2017.02.03-15.45.32:564][182]LogModuleManager: Shutting down and abandoning module Engine (6)
[2017.02.03-15.45.32:564][182]LogModuleManager: Shutting down and abandoning module CoreUObject (5)
[2017.02.03-15.45.32:564][182]LogModuleManager: Shutting down and abandoning module NetworkFile (4)
[2017.02.03-15.45.32:564][182]LogModuleManager: Shutting down and abandoning module StreamingFile (3)
[2017.02.03-15.45.32:564][182]LogModuleManager: Shutting down and abandoning module SandboxFile (2)
[2017.02.03-15.45.32:564][182]LogModuleManager: Shutting down and abandoning module PakFile (1)
[2017.02.03-15.45.32:566][182]LogExit: Exiting.
[2017.02.03-15.45.32:567][182]Log file closed, 02/03/17 15:45:32
