Log file open, 02/08/17 15:45:59
LogInit:Display: Running engine for game: FlexPrototype
LogPlatformFile: Not using cached read wrapper
LogInit:Display: RandInit(701396597) SRandInit(701396599).
LogInit: Using version manifest at CL 0 with build ID 'd3add0f1-17ef-4da8-be7e-d9afcf78db9a'
LogTaskGraph: Started task graph with 4 named threads and 7 total threads with 1 sets of task threads.
LogStats: Stats thread started at 0.128684
LogInit: Version: 4.12.4-0+UE4
LogInit: API Version: 0
LogInit: Net Version: 0
LogDevObjectVersion: Number of dev versions registered: 13
LogDevObjectVersion:   Dev-Blueprints (B0D832E4-1F89-4F0D-ACCF-7EB736FD4AA2): 3
LogDevObjectVersion:   Dev-Build (E1C64328-A22C-4D53-A36C-8E866417BD8C): 0
LogDevObjectVersion:   Dev-Core (375EC13C-06E4-48FB-B500-84F0262A717E): 1
LogDevObjectVersion:   Dev-Editor (E4B068ED-F494-42E9-A231-DA0B2E46BB41): 2
LogDevObjectVersion:   Dev-Framework (CFFC743F-43B0-4480-9391-14DF171D2073): 6
LogDevObjectVersion:   Dev-Mobile (B02B49B5-BB20-44E9-A304-32B752E40360): 0
LogDevObjectVersion:   Dev-Networking (A4E4105C-59A1-49B5-A7C5-40C4547EDFEE): 0
LogDevObjectVersion:   Dev-Online (39C831C9-5AE6-47DC-9A44-9C173E1C8E7C): 0
LogDevObjectVersion:   Dev-Physics (78F01B33-EBEA-4F98-B9B4-84EACCB95AA2): 0
LogDevObjectVersion:   Dev-Platform (6631380F-2D4D-43E0-8009-CF276956A95A): 0
LogDevObjectVersion:   Dev-Rendering (12F88B9F-8875-4AFC-A67C-D90C383ABD29): 2
LogDevObjectVersion:   Dev-Sequencer (7B5AE74C-D270-4C10-A958-57980B212A5A): 0
LogDevObjectVersion:   Dev-VR (D7296918-1DD6-4BDD-9DE2-64A83CC13884): 0
LogInit: Compiled (64-bit): Jan 31 2017 12:42:42
LogInit: Compiled with Visual C++: 19.00.23026.00
LogInit: Build Configuration: Development
LogInit: Branch Name: UE4
LogInit: Command line:  
LogInit: Base directory: D:/UnrealEngine-FleX/Engine/Binaries/Win64/
LogInit: Installed Engine Build: 0
LogInit: Using libcurl 7.41.0
LogInit:  - built for x86_64-pc-win32
LogInit:  - supports SSL with WinSSL
LogInit:  - other features:
LogInit:      CURL_VERSION_SSL
LogInit:      CURL_VERSION_IPV6
LogInit:      CURL_VERSION_ASYNCHDNS
LogInit:      CURL_VERSION_LARGEFILE
LogInit:      CURL_VERSION_IDN
LogInit:  CurlRequestOptions (configurable via config and command line):
LogInit:  - bVerifyPeer = true  - Libcurl will verify peer certificate
LogInit:  - bUseHttpProxy = false  - Libcurl will NOT use HTTP proxy
LogInit:  - bDontReuseConnections = false  - Libcurl will reuse connections
LogInit:  - CertBundlePath = nullptr  - Libcurl will use whatever was configured at build time.
LogInit: Presizing for max 8388607 objects, including 0 objects not considered by GC, pre-allocating 0 bytes for permanent pool.
LogInit: Object subsystem initialized
[2017.02.08-15.45.59:687][  0]LogInit: Selected Device Profile: [Windows]
[2017.02.08-15.45.59:687][  0]LogInit: Applying CVar settings loaded from the selected device profile: [Windows]
[2017.02.08-15.45.59:729][  0]LogInit: Computer: TERRAN46
[2017.02.08-15.45.59:729][  0]LogInit: User: b3038557
[2017.02.08-15.45.59:729][  0]LogInit: CPU Page size=65536, Cores=4
[2017.02.08-15.45.59:729][  0]LogInit: High frequency timer resolution =3.117769 MHz
[2017.02.08-15.45.59:729][  0]LogMemory: Memory total: Physical=7.8GB (8GB approx)
[2017.02.08-15.45.59:729][  0]LogMemory: Platform Memory Stats for Windows
[2017.02.08-15.45.59:729][  0]LogMemory: Process Physical Memory: 188.38 MB used, 188.38 MB peak
[2017.02.08-15.45.59:729][  0]LogMemory: Process Virtual Memory: 194.88 MB used, 194.88 MB peak
[2017.02.08-15.45.59:729][  0]LogMemory: Physical Memory: 2489.30 MB used, 8032.55 MB total
[2017.02.08-15.45.59:729][  0]LogMemory: Virtual Memory: 533.69 MB used, 134217728.00 MB total
[2017.02.08-15.46.00:142][  0]LogTextLocalizationManager: No specific translations for ('en-GB') exist, so ('en') translations will be used.
[2017.02.08-15.46.00:665][  0]LogD3D11RHI: D3D11 adapters:
[2017.02.08-15.46.00:683][  0]LogD3D11RHI:    0. 'NVIDIA GeForce GTX 970' (Feature Level 11_0)
[2017.02.08-15.46.00:683][  0]LogD3D11RHI:       3991/0/4016 MB DedicatedVideo/DedicatedSystem/SharedSystem, Outputs:2, VendorId:0x10de
[2017.02.08-15.46.00:688][  0]LogD3D11RHI:    1. 'Intel(R) HD Graphics 4600' (Feature Level 11_0)
[2017.02.08-15.46.00:688][  0]LogD3D11RHI:       32/0/1760 MB DedicatedVideo/DedicatedSystem/SharedSystem, Outputs:0, VendorId:0x8086
[2017.02.08-15.46.00:689][  0]LogD3D11RHI:    2. 'Microsoft Basic Render Driver' (Feature Level 11_0)
[2017.02.08-15.46.00:689][  0]LogD3D11RHI:       0/0/256 MB DedicatedVideo/DedicatedSystem/SharedSystem, Outputs:0, VendorId:0x1414
[2017.02.08-15.46.00:689][  0]LogD3D11RHI: Chosen D3D11 Adapter: 0
[2017.02.08-15.46.00:692][  0]LogD3D11RHI: Creating new Direct3DDevice
[2017.02.08-15.46.00:692][  0]LogD3D11RHI:     GPU DeviceId: 0x13c2 (for the marketing name, search the web for "GPU Device Id")
[2017.02.08-15.46.00:692][  0]LogWindows: EnumDisplayDevices:
[2017.02.08-15.46.00:692][  0]LogWindows:    0. 'NVIDIA GeForce GTX 970' (P:0 D:1)
[2017.02.08-15.46.00:692][  0]LogWindows:    1. 'NVIDIA GeForce GTX 970' (P:1 D:1)
[2017.02.08-15.46.00:692][  0]LogWindows:    2. 'NVIDIA GeForce GTX 970' (P:0 D:0)
[2017.02.08-15.46.00:692][  0]LogWindows:    3. 'NVIDIA GeForce GTX 970' (P:0 D:0)
[2017.02.08-15.46.00:692][  0]LogWindows:    4. 'Intel(R) HD Graphics 4600' (P:0 D:0)
[2017.02.08-15.46.00:693][  0]LogWindows:    5. 'Intel(R) HD Graphics 4600' (P:0 D:0)
[2017.02.08-15.46.00:693][  0]LogWindows:    6. 'Intel(R) HD Graphics 4600' (P:0 D:0)
[2017.02.08-15.46.00:693][  0]LogWindows: DebugString: PrimaryIsNotTheChoosenAdapter PrimaryIsNotTheChoosenAdapter PrimaryIsNotTheChoosenAdapter FoundDriverCount:4 
[2017.02.08-15.46.00:693][  0]LogD3D11RHI:     Adapter Name: NVIDIA GeForce GTX 970
[2017.02.08-15.46.00:693][  0]LogD3D11RHI:   Driver Version: 373.06 (internal:21.21.13.7306, unified:373.06)
[2017.02.08-15.46.00:693][  0]LogD3D11RHI:      Driver Date: 10-1-2016
[2017.02.08-15.46.00:693][  0]LogRHI: Texture pool is 1361 MB (70% of 1945 MB)
[2017.02.08-15.46.00:704][  0]LogD3D11RHI: Async texture creation enabled
[2017.02.08-15.46.00:721][  0]LogD3D11RHI: GPU Timing Frequency: 1000.000000 (Debug: 2 2)
[2017.02.08-15.46.00:721][  0]LogShaderCompilers: Guid format shader working directory is -39 characters bigger than the processId version (../../../../Documents/CSC8505 - Game Industry Skills/Prototype/PrototypeCW/FlexPrototype/Intermediate/Shaders/WorkingDirectory/4684/).
[2017.02.08-15.46.00:721][  0]LogShaderCompilers: Cleaned the shader compiler working directory 'C:/Users/b3038557/AppData/Local/Temp/UnrealShaderWorkingDir/9C1559DF4A942FB053A77B9EC3CAE634/'.
[2017.02.08-15.46.00:721][  0]LogShaderCompilers:Display: Using Local Shader Compiler.
[2017.02.08-15.46.01:795][  0]LogTemp:Display: Loaded TP WindowsTargetPlatform
[2017.02.08-15.46.01:800][  0]LogTemp:Display: Loaded TP WindowsNoEditorTargetPlatform
[2017.02.08-15.46.01:806][  0]LogTemp:Display: Loaded TP WindowsServerTargetPlatform
[2017.02.08-15.46.01:812][  0]LogTemp:Display: Loaded TP WindowsClientTargetPlatform
[2017.02.08-15.46.01:817][  0]LogTemp:Display: Loaded TP AllDesktopTargetPlatform
[2017.02.08-15.46.01:825][  0]LogTemp:Display: Loaded TP AndroidTargetPlatform
[2017.02.08-15.46.01:830][  0]LogTemp:Display: Loaded TP Android_PVRTCTargetPlatform
[2017.02.08-15.46.01:835][  0]LogTemp:Display: Loaded TP Android_ATCTargetPlatform
[2017.02.08-15.46.01:840][  0]LogTemp:Display: Loaded TP Android_DXTTargetPlatform
[2017.02.08-15.46.01:845][  0]LogTemp:Display: Loaded TP Android_ETC1TargetPlatform
[2017.02.08-15.46.01:850][  0]LogTemp:Display: Loaded TP Android_ETC2TargetPlatform
[2017.02.08-15.46.01:855][  0]LogTemp:Display: Loaded TP Android_ASTCTargetPlatform
[2017.02.08-15.46.01:861][  0]LogTemp:Display: Loaded TP Android_MultiTargetPlatform
[2017.02.08-15.46.01:861][  0]LogTemp:Display: Loaded TP HTML5TargetPlatform
[2017.02.08-15.46.01:882][  0]LogTemp:Display: Loaded TP IOSTargetPlatform
[2017.02.08-15.46.01:887][  0]LogTemp:Display: Loaded TP TVOSTargetPlatform
[2017.02.08-15.46.01:887][  0]LogTargetPlatformManager:Display: Building Assets For Windows
[2017.02.08-15.46.01:930][  0]LogDerivedDataCache:Display: Max Cache Size: 512 MB
[2017.02.08-15.46.02:216][  0]LogDerivedDataCache: Loaded boot cache 0.29s 54MB ../../../../Documents/CSC8505 - Game Industry Skills/Prototype/PrototypeCW/FlexPrototype/DerivedDataCache/Boot.ddc.
[2017.02.08-15.46.02:216][  0]LogDerivedDataCache:Display: Loaded Boot cache: ../../../../Documents/CSC8505 - Game Industry Skills/Prototype/PrototypeCW/FlexPrototype/DerivedDataCache/Boot.ddc
[2017.02.08-15.46.02:216][  0]LogDerivedDataCache: FDerivedDataBackendGraph:  Pak pak cache file ../../../../Documents/CSC8505 - Game Industry Skills/Prototype/PrototypeCW/FlexPrototype/DerivedDataCache/DDC.ddp not found, will not use a pak cache.
[2017.02.08-15.46.02:216][  0]LogDerivedDataCache: Unable to find inner node Pak for hierarchical cache Hierarchy.
[2017.02.08-15.46.02:216][  0]LogDerivedDataCache: FDerivedDataBackendGraph:  EnginePak pak cache file ../../../Engine/DerivedDataCache/DDC.ddp not found, will not use a pak cache.
[2017.02.08-15.46.02:216][  0]LogDerivedDataCache: Unable to find inner node EnginePak for hierarchical cache Hierarchy.
[2017.02.08-15.46.02:228][  0]LogDerivedDataCache: Using Local data cache path ../../../Engine/DerivedDataCache: Writable
[2017.02.08-15.46.02:228][  0]LogDerivedDataCache: Shared data cache path not found in *engine.ini, will not use an Shared cache.
[2017.02.08-15.46.02:228][  0]LogDerivedDataCache: Unable to find inner node Shared for hierarchical cache Hierarchy.
[2017.02.08-15.46.02:846][  0]LogInit: Selected Device Profile: [Windows]
[2017.02.08-15.46.02:847][  0]LogContentStreaming: Texture pool size is 0.00 MB
[2017.02.08-15.46.03:057][  0]LogMeshUtilities: No automatic mesh reduction module available
[2017.02.08-15.46.03:057][  0]LogMeshUtilities: No automatic mesh merging module available
[2017.02.08-15.46.03:057][  0]LogMeshUtilities: No distributed automatic mesh merging module available
[2017.02.08-15.46.03:341][  0]LogAssetRegistry: FAssetRegistry took 0.0216 seconds to start up
[2017.02.08-15.46.03:363][  0]LogPackageLocalizationCache: Processed 3 localized package path(s) for 2 prioritized culture(s) in 0.020961 seconds
[2017.02.08-15.46.03:367][  0]LogUObjectArray: 28947 objects as part of root set at end of initial load.
[2017.02.08-15.46.03:367][  0]LogUObjectAllocator: 5900032 out of 0 bytes used by permanent object pool.
[2017.02.08-15.46.03:367][  0]LogUObjectArray: CloseDisregardForGC: 0/0 objects in disregard for GC pool
[2017.02.08-15.46.03:369][  0]LogInit: WinSock: version 1.1 (2.2), MaxSocks=32767, MaxUdp=65467
[2017.02.08-15.46.03:572][  0]LogSlate: SlateFontCache - WITH_FREETYPE: 1, WITH_HARFBUZZ: 1
[2017.02.08-15.46.03:572][  0]LogSlate: SlateFontCache - WITH_FREETYPE: 1, WITH_HARFBUZZ: 1
[2017.02.08-15.46.10:992][  0]LogUdpMessaging: Initializing bridge on interface 0.0.0.0:0 to multicast group 230.0.0.1:6666.
[2017.02.08-15.46.11:364][  0]SourceControl: Info Source control is disabled
[2017.02.08-15.46.11:365][  0]SourceControl: Info Source control is disabled
[2017.02.08-15.46.11:371][  0]SourceControl: Info Source control is disabled
[2017.02.08-15.46.11:378][  0]SourceControl: Info Source control is disabled
[2017.02.08-15.46.11:581][  0]LogEngine: Initializing Engine...
[2017.02.08-15.46.11:581][  0]LogHMD: SteamVR failed to initialize.  Err: 110
[2017.02.08-15.46.11:582][  0]LogHMD: SteamVR failed to initialize.  Err: 110
[2017.02.08-15.46.11:725][  0]LogAIModule: Creating AISystem for world NewWorld
[2017.02.08-15.46.11:727][  0]LogInit: No audio devices found!
[2017.02.08-15.46.11:760][  0]LogDerivedDataCache: Saved boot cache 0.03s 54MB ../../../../Documents/CSC8505 - Game Industry Skills/Prototype/PrototypeCW/FlexPrototype/DerivedDataCache/Boot.ddc.
[2017.02.08-15.46.11:769][  0]LogInit: Texture streaming: Enabled
[2017.02.08-15.46.11:794][  0]LogInit: Transaction tracking system initialized
[2017.02.08-15.46.11:805][  0]BlueprintLog: New page: Editor Load
[2017.02.08-15.46.11:861][  0]LocalizationService: Info Localization service is disabled
[2017.02.08-15.46.11:945][  0]LogConsoleResponse:Display: 
[2017.02.08-15.46.12:659][  0]LogCook:Display: Max memory allowance for cook 8192mb
[2017.02.08-15.46.12:659][  0]LogCook:Display: Mobile HDR setting 1
[2017.02.08-15.46.12:858][  0]LogFileCache: Scanning file cache for directory 'D:/Documents/CSC8505 - Game Industry Skills/Prototype/PrototypeCW/FlexPrototype/Content/' took 0.01s
[2017.02.08-15.46.12:953][  0]SourceControl: Info Source control is disabled
[2017.02.08-15.46.12:953][  0]Cmd: MAP LOAD FILE="../../../../Documents/CSC8505 - Game Industry Skills/Prototype/PrototypeCW/FlexPrototype/Content/RollingBP/Maps/Empty.umap" TEMPLATE=0 SHOWPROGRESS=1 FEATURELEVEL=3
[2017.02.08-15.46.12:954][  0]LightingResults: New page: Lighting Build
[2017.02.08-15.46.12:955][  0]MapCheck: New page: Map Check
[2017.02.08-15.46.12:955][  0]LightingResults: New page: Lighting Build
[2017.02.08-15.46.12:992][  0]LogAIModule: Creating AISystem for world Empty
[2017.02.08-15.46.12:992][  0]LogEditorServer: Finished looking for orphan Actors (0.000 secs)
[2017.02.08-15.46.12:993][  0]Cmd: MAP CHECKDEP NOCLEARLOG
[2017.02.08-15.46.13:019][  0]MapCheck: Info Map check complete: 0 Error(s), 0 Warning(s), took 26.353ms to complete.
[2017.02.08-15.46.13:019][  0]LogFileHelpers: Loading map 'Empty' took 0.066
[2017.02.08-15.46.13:162][  0]LogCollectionManager: Loaded 0 collections in 0.000655 seconds
[2017.02.08-15.46.13:203][  0]LogFileCache: Scanning file cache for directory 'D:/Documents/CSC8505 - Game Industry Skills/Prototype/PrototypeCW/FlexPrototype/Saved/Collections/' took 0.01s
[2017.02.08-15.46.13:203][  0]LogFileCache: Scanning file cache for directory 'D:/Documents/CSC8505 - Game Industry Skills/Prototype/PrototypeCW/FlexPrototype/Content/Developers/b3038557/Collections/' took 0.01s
[2017.02.08-15.46.13:203][  0]LogFileCache: Scanning file cache for directory 'D:/Documents/CSC8505 - Game Industry Skills/Prototype/PrototypeCW/FlexPrototype/Content/Collections/' took 0.01s
[2017.02.08-15.46.13:203][  0]LogCollectionManager: Rebuilt the GUID cache for 0 collections in 0.000002 seconds
[2017.02.08-15.46.13:210][  0]LogContentBrowser: Native class hierarchy populated in 0.0071 seconds. Added 2065 classes and 368 folders.
[2017.02.08-15.46.13:212][  0]LogStats: UGameplayTagsManager::ConstructGameplayTagTree: Construct from data asset -  0.000 s
[2017.02.08-15.46.13:212][  0]LogStats: UGameplayTagsManager::ConstructGameplayTagTree: GameplayTagTreeChangedEvent.Broadcast -  0.000 s
[2017.02.08-15.46.13:213][  0]LogContentBrowser: Native class hierarchy updated for 'GameplayTags' in 0.0004 seconds. Added 12 classes and 0 folders.
[2017.02.08-15.46.13:215][  0]LogContentBrowser: Native class hierarchy updated for 'WidgetCarousel' in 0.0004 seconds. Added 0 classes and 0 folders.
[2017.02.08-15.46.13:425][  0]LogContentBrowser: Native class hierarchy updated for 'AddContentDialog' in 0.0004 seconds. Added 0 classes and 0 folders.
[2017.02.08-15.46.13:427][  0]LogContentBrowser: Native class hierarchy updated for 'SceneOutliner' in 0.0004 seconds. Added 1 classes and 2 folders.
[2017.02.08-15.46.13:439][  0]LogCrashTracker: Crashtracker disabled due to settings.
[2017.02.08-15.46.13:444][  0]LogUObjectGlobals:Warning: Failed to find object 'Class None.'
[2017.02.08-15.46.13:470][  0]LogContentBrowser: Native class hierarchy updated for 'HierarchicalLODOutliner' in 0.0005 seconds. Added 1 classes and 2 folders.
[2017.02.08-15.46.13:470][  0]LogLoad: Full Startup: 15.51 seconds (BP compile: 0.07 seconds)
[2017.02.08-15.46.13:470][  0]LogExternalProfiler: No external profilers were discovered.  External profiling features will not be available.
[2017.02.08-15.46.13:479][  0]LogOcInput: OculusInput pre-init called
[2017.02.08-15.46.13:500][  0]LogContentStreaming: Texture pool size now 1000 MB
[2017.02.08-15.46.13:739][  0]LogRenderer: Reallocating scene render targets to support 1208x576 (Frame:2).
[2017.02.08-15.46.13:815][  1]LogAssetRegistry: Asset discovery search completed in 10.4965 seconds
[2017.02.08-15.46.13:815][  1]LogCollectionManager: Rebuilt the object cache for 0 collections in 0.000001 seconds (found 0 objects)
[2017.02.08-15.46.13:815][  1]LogCollectionManager: Fixed up redirectors for 0 collections in 0.000020 seconds (updated 0 objects)
[2017.02.08-15.48.44:677][498]LogWindows: Windows GetLastError: The operation completed successfully. (0)
[2017.02.08-15.48.53:709][498]LogWindows:Warning: CreateProc failed (2) ..\..\..\Engine\Binaries/Win64/CrashReportClient.exe  -AppName=UE4-FlexPrototype -CrashGUID=UE4CC-Windows-752F73104FEACF64B1F84DB50B4D8FE4_0000 -DebugSymbols=..\..\..\Engine\Intermediate\Symbols
[2017.02.08-15.48.53:709][498]LogWindows: Could not start CrashReportClient.exe
[2017.02.08-15.48.53:709][498]LogMemory: Platform Memory Stats for Windows
[2017.02.08-15.48.53:709][498]LogMemory: Process Physical Memory: 804.04 MB used, 859.06 MB peak
[2017.02.08-15.48.53:709][498]LogMemory: Process Virtual Memory: 1200.49 MB used, 1203.95 MB peak
[2017.02.08-15.48.53:709][498]LogMemory: Physical Memory: 3361.13 MB used, 8032.55 MB total
[2017.02.08-15.48.53:709][498]LogMemory: Virtual Memory: 22375.09 MB used, 134217728.00 MB total
[2017.02.08-15.48.53:709][498]LogCrashTracker: 


[2017.02.08-15.48.53:709][498]LogCrashTracker: 


[2017.02.08-15.48.53:710][498]LogWindows:Error: === Critical error: ===
Fatal error: [File:D:\UnrealEngine-FleX\Engine\Source\Runtime\CoreUObject\Private\Templates\Casts.cpp] [Line: 11] 
Cast of Package /Game/HUD/HUD to EdGraphNode failed


KERNELBASE.dll
UE4Editor-Core.dll!FOutputDeviceWindowsError::Serialize() [d:\unrealengine-flex\engine\source\runtime\core\private\windows\windowsplatformoutputdevices.cpp:102]
UE4Editor-Core.dll!FOutputDevice::Logf__VA() [d:\unrealengine-flex\engine\source\runtime\core\private\misc\outputdevice.cpp:154]
UE4Editor-Core.dll!FDebug::AssertFailed() [d:\unrealengine-flex\engine\source\runtime\core\private\misc\outputdevice.cpp:440]
UE4Editor-CoreUObject.dll!CastLogError() [d:\unrealengine-flex\engine\source\runtime\coreuobject\private\templates\casts.cpp:12]
UE4Editor-KismetCompiler.dll!CastChecked<UEdGraphNode,UObject>() [d:\unrealengine-flex\engine\source\runtime\coreuobject\public\templates\casts.h:195]
UE4Editor-KismetCompiler.dll!FNodeVisitorDownExecWires::TraverseNodes() [d:\unrealengine-flex\engine\source\editor\kismetcompiler\private\kismetcompiler.cpp:1028]
UE4Editor-KismetCompiler.dll!FKismetCompilerContext::PruneIsolatedNodes() [d:\unrealengine-flex\engine\source\editor\kismetcompiler\private\kismetcompiler.cpp:1070]
UE4Editor-KismetCompiler.dll!FKismetCompilerContext::PrecompileFunction() [d:\unrealengine-flex\engine\source\editor\kismetcompiler\private\kismetcompiler.cpp:1184]
UE4Editor-UMGEditor.dll!FWidgetBlueprintCompiler::PrecompileFunction() [d:\unrealengine-flex\engine\source\editor\umgeditor\private\widgetblueprintcompiler.cpp:393]
UE4Editor-KismetCompiler.dll!FKismetCompilerContext::Compile() [d:\unrealengine-flex\engine\source\editor\kismetcompiler\private\kismetcompiler.cpp:3309]
UE4Editor-UMGEditor.dll!FWidgetBlueprintCompiler::Compile() [d:\unrealengine-flex\engine\source\editor\umgeditor\private\widgetblueprintcompiler.cpp:342]
UE4Editor-UMGEditor.dll!FUMGEditorModule::Compile() [d:\unrealengine-flex\engine\source\editor\umgeditor\private\umgeditormodule.cpp:160]
UE4Editor-KismetCompiler.dll!FKismet2CompilerModule::CompileBlueprintInner() [d:\unrealengine-flex\engine\source\editor\kismetcompiler\private\kismetcompilermodule.cpp:88]
UE4Editor-KismetCompiler.dll!FKismet2CompilerModule::CompileBlueprint() [d:\unrealengine-flex\engine\source\editor\kismetcompiler\private\kismetcompilermodule.cpp:187]
UE4Editor-UnrealEd.dll!FKismetEditorUtilities::GenerateBlueprintSkeleton() [d:\unrealengine-flex\engine\source\editor\unrealed\private\kismet2\kismet2.cpp:891]
UE4Editor-UnrealEd.dll!FBlueprintEditorUtils::RegenerateBlueprintClass() [d:\unrealengine-flex\engine\source\editor\unrealed\private\kismet2\blueprinteditorutils.cpp:1518]
UE4Editor-CoreUObject.dll!FLinkerLoad::RegenerateBlueprintClass() [d:\unrealengine-flex\engine\source\runtime\coreuobject\private\blueprint\blueprintsupport.cpp:353]
UE4Editor-CoreUObject.dll!FLinkerLoad::FinalizeBlueprint() [d:\unrealengine-flex\engine\source\runtime\coreuobject\private\blueprint\blueprintsupport.cpp:1319]
UE4Editor-CoreUObject.dll!FLinkerLoad::Preload() [d:\unrealengine-flex\engine\source\runtime\coreuobject\private\uobject\linkerload.cpp:3340]
UE4Editor-CoreUObject.dll!FLinkerLoad::CreateExport() [d:\unrealengine-flex\engine\source\runtime\coreuobject\private\uobject\linkerload.cpp:3978]
UE4Editor-CoreUObject.dll!FLinkerLoad::IndexToObject() [d:\unrealengine-flex\engine\source\runtime\coreuobject\private\uobject\linkerload.cpp:4187]
UE4Editor-CoreUObject.dll!FLinkerLoad::CreateExport() [d:\unrealengine-flex\engine\source\runtime\coreuobject\private\uobject\linkerload.cpp:3682]
UE4Editor-CoreUObject.dll!FLinkerLoad::CreateExportAndPreload() [d:\unrealengine-flex\engine\source\runtime\coreuobject\private\uobject\linkerload.cpp:2780]
UE4Editor-CoreUObject.dll!FLinkerLoad::LoadAllObjects() [d:\unrealengine-flex\engine\source\runtime\coreuobject\private\uobject\linkerload.cpp:2919]
UE4Editor-CoreUObject.dll!LoadPackageInternal() [d:\unrealengine-flex\engine\source\runtime\coreuobject\private\uobject\uobjectglobals.cpp:1162]
UE4Editor-CoreUObject.dll!LoadPackageInternal() [d:\unrealengine-flex\engine\source\runtime\coreuobject\private\uobject\uobjectglobals.cpp:1286]
UE4Editor-CoreUObject.dll!FLinkerLoad::VerifyImportInner() [d:\unrealengine-flex\engine\source\runtime\coreuobject\private\uobject\linkerload.cpp:2457]
UE4Editor-CoreUObject.dll!FLinkerLoad::VerifyImport() [d:\unrealengine-flex\engine\source\runtime\coreuobject\private\uobject\linkerload.cpp:2212]
UE4Editor-CoreUObject.dll!FLinkerLoad::VerifyImportInner() [d:\unrealengine-flex\engine\source\runtime\coreuobject\private\uobject\linkerload.cpp:2505]
UE4Editor-CoreUObject.dll!FLinkerLoad::VerifyImport() [d:\unrealengine-flex\engine\source\runtime\coreuobject\private\uobject\linkerload.cpp:2212]
UE4Editor-CoreUObject.dll!FLinkerLoad::CreateImport() [d:\unrealengine-flex\engine\source\runtime\coreuobject\private\uobject\linkerload.cpp:4112]
UE4Editor-CoreUObject.dll!FLinkerLoad::ResolveDependencyPlaceholder() [d:\unrealengine-flex\engine\source\runtime\coreuobject\private\blueprint\blueprintsupport.cpp:1051]
UE4Editor-CoreUObject.dll!FLinkerLoad::ResolveDeferredDependencies() [d:\unrealengine-flex\engine\source\runtime\coreuobject\private\blueprint\blueprintsupport.cpp:911]
UE4Editor-CoreUObject.dll!FLinkerLoad::Preload() [d:\unrealengine-flex\engine\source\runtime\coreuobject\private\uobject\linkerload.cpp:3340]
UE4Editor-CoreUObject.dll!FLinkerLoad::CreateExport() [d:\unrealengine-flex\engine\source\runtime\coreuobject\private\uobject\linkerload.cpp:3978]
UE4Editor-CoreUObject.dll!FLinkerLoad::IndexToObject() [d:\unrealengine-flex\engine\source\runtime\coreuobject\private\uobject\linkerload.cpp:4187]
UE4Editor-CoreUObject.dll!FLinkerLoad::CreateExport() [d:\unrealengine-flex\engine\source\runtime\coreuobject\private\uobject\linkerload.cpp:3682]
UE4Editor-CoreUObject.dll!FLinkerLoad::CreateExportAndPreload() [d:\unrealengine-flex\engine\source\runtime\coreuobject\private\uobject\linkerload.cpp:2780]
UE4Editor-CoreUObject.dll!FLinkerLoad::LoadAllObjects() [d:\unrealengine-flex\engine\source\runtime\coreuobject\private\uobject\linkerload.cpp:2919]
UE4Editor-CoreUObject.dll!LoadPackageInternal() [d:\unrealengine-flex\engine\source\runtime\coreuobject\private\uobject\uobjectglobals.cpp:1162]
UE4Editor-CoreUObject.dll!LoadPackageInternal() [d:\unrealengine-flex\engine\source\runtime\coreuobject\private\uobject\uobjectglobals.cpp:1286]
UE4Editor-CoreUObject.dll!FLinkerLoad::VerifyImportInner() [d:\unrealengine-flex\engine\source\runtime\coreuobject\private\uobject\linkerload.cpp:2457]
UE4Editor-CoreUObject.dll!FLinkerLoad::VerifyImport() [d:\unrealengine-flex\engine\source\runtime\coreuobject\private\uobject\linkerload.cpp:2212]
UE4Editor-CoreUObject.dll!FLinkerLoad::VerifyImportInner() [d:\unrealengine-flex\engine\source\runtime\coreuobject\private\uobject\linkerload.cpp:2505]
UE4Editor-CoreUObject.dll!FLinkerLoad::VerifyImport() [d:\unrealengine-flex\engine\source\runtime\coreuobject\private\uobject\linkerload.cpp:2212]
UE4Editor-CoreUObject.dll!FLinkerLoad::Verify() [d:\unrealengine-flex\engine\source\runtime\coreuobject\private\uobject\linkerload.cpp:1995]
UE4Editor-CoreUObject.dll!FLinkerLoad::FinalizeCreation() [d:\unrealengine-flex\engine\source\runtime\coreuobject\private\uobject\linkerload.cpp:1905]
UE4Editor-CoreUObject.dll!FLinkerLoad::Tick() [d:\unrealengine-flex\engine\source\runtime\coreuobject\private\uobject\linkerload.cpp:704]
UE4Editor-CoreUObject.dll!FLinkerLoad::CreateLinker() [d:\unrealengine-flex\engine\source\runtime\coreuobject\private\uobject\linkerload.cpp:428]
UE4Editor-CoreUObject.dll!GetPackageLinker() [d:\unrealengine-flex\engine\source\runtime\coreuobject\private\uobject\linker.cpp:613]
UE4Editor-CoreUObject.dll!LoadPackageInternal() [d:\unrealengine-flex\engine\source\runtime\coreuobject\private\uobject\uobjectglobals.cpp:1087]
UE4Editor-CoreUObject.dll!LoadPackageInternal() [d:\unrealengine-flex\engine\source\runtime\coreuobject\private\uobject\uobjectglobals.cpp:1286]
UE4Editor-CoreUObject.dll!FLinkerLoad::VerifyImportInner() [d:\unrealengine-flex\engine\source\runtime\coreuobject\private\uobject\linkerload.cpp:2457]
UE4Editor-CoreUObject.dll!FLinkerLoad::VerifyImport() [d:\unrealengine-flex\engine\source\runtime\coreuobject\private\uobject\linkerload.cpp:2212]
UE4Editor-CoreUObject.dll!FLinkerLoad::VerifyImportInner() [d:\unrealengine-flex\engine\source\runtime\coreuobject\private\uobject\linkerload.cpp:2505]
UE4Editor-CoreUObject.dll!FLinkerLoad::VerifyImport() [d:\unrealengine-flex\engine\source\runtime\coreuobject\private\uobject\linkerload.cpp:2212]
UE4Editor-CoreUObject.dll!FLinkerLoad::Verify() [d:\unrealengine-flex\engine\source\runtime\coreuobject\private\uobject\linkerload.cpp:1995]
UE4Editor-CoreUObject.dll!FLinkerLoad::FinalizeCreation() [d:\unrealengine-flex\engine\source\runtime\coreuobject\private\uobject\linkerload.cpp:1905]
UE4Editor-CoreUObject.dll!FLinkerLoad::Tick() [d:\unrealengine-flex\engine\source\runtime\coreuobject\private\uobject\linkerload.cpp:704]
UE4Editor-CoreUObject.dll!FLinkerLoad::CreateLinker() [d:\unrealengine-flex\engine\source\runtime\coreuobject\private\uobject\linkerload.cpp:428]
UE4Editor-CoreUObject.dll!GetPackageLinker() [d:\unrealengine-flex\engine\source\runtime\coreuobject\private\uobject\linker.cpp:613]
UE4Editor-CoreUObject.dll!LoadPackageInternal() [d:\unrealengine-flex\engine\source\runtime\coreuobject\private\uobject\uobjectglobals.cpp:1087]
UE4Editor-CoreUObject.dll!LoadPackageInternal() [d:\unrealengine-flex\engine\source\runtime\coreuobject\private\uobject\uobjectglobals.cpp:1286]
UE4Editor-CoreUObject.dll!FLinkerLoad::VerifyImportInner() [d:\unrealengine-flex\engine\source\runtime\coreuobject\private\uobject\linkerload.cpp:2457]
UE4Editor-CoreUObject.dll!FLinkerLoad::VerifyImport() [d:\unrealengine-flex\engine\source\runtime\coreuobject\private\uobject\linkerload.cpp:2212]
UE4Editor-CoreUObject.dll!FLinkerLoad::Verify() [d:\unrealengine-flex\engine\source\runtime\coreuobject\private\uobject\linkerload.cpp:1995]
UE4Editor-CoreUObject.dll!FLinkerLoad::FinalizeCreation() [d:\unrealengine-flex\engine\source\runtime\coreuobject\private\uobject\linkerload.cpp:1905]
UE4Editor-CoreUObject.dll!FLinkerLoad::Tick() [d:\unrealengine-flex\engine\source\runtime\coreuobject\private\uobject\linkerload.cpp:704]
UE4Editor-CoreUObject.dll!FLinkerLoad::CreateLinker() [d:\unrealengine-flex\engine\source\runtime\coreuobject\private\uobject\linkerload.cpp:428]
UE4Editor-CoreUObject.dll!GetPackageLinker() [d:\unrealengine-flex\engine\source\runtime\coreuobject\private\uobject\linker.cpp:613]
UE4Editor-CoreUObject.dll!LoadPackageInternal() [d:\unrealengine-flex\engine\source\runtime\coreuobject\private\uobject\uobjectglobals.cpp:1087]
UE4Editor-CoreUObject.dll!LoadPackageInternal() [d:\unrealengine-flex\engine\source\runtime\coreuobject\private\uobject\uobjectglobals.cpp:1286]
UE4Editor-CoreUObject.dll!FLinkerLoad::VerifyImportInner() [d:\unrealengine-flex\engine\source\runtime\coreuobject\private\uobject\linkerload.cpp:2457]
UE4Editor-CoreUObject.dll!FLinkerLoad::VerifyImport() [d:\unrealengine-flex\engine\source\runtime\coreuobject\private\uobject\linkerload.cpp:2212]
UE4Editor-CoreUObject.dll!FLinkerLoad::VerifyImportInner() [d:\unrealengine-flex\engine\source\runtime\coreuobject\private\uobject\linkerload.cpp:2505]
UE4Editor-CoreUObject.dll!FLinkerLoad::VerifyImport() [d:\unrealengine-flex\engine\source\runtime\coreuobject\private\uobject\linkerload.cpp:2212]
UE4Editor-CoreUObject.dll!FLinkerLoad::Verify() [d:\unrealengine-flex\engine\source\runtime\coreuobject\private\uobject\linkerload.cpp:1995]
UE4Editor-CoreUObject.dll!FLinkerLoad::FinalizeCreation() [d:\unrealengine-flex\engine\source\runtime\coreuobject\private\uobject\linkerload.cpp:1905]
UE4Editor-CoreUObject.dll!FLinkerLoad::Tick() [d:\unrealengine-flex\engine\source\runtime\coreuobject\private\uobject\linkerload.cpp:704]
UE4Editor-CoreUObject.dll!FLinkerLoad::CreateLinker() [d:\unrealengine-flex\engine\source\runtime\coreuobject\private\uobject\linkerload.cpp:428]
UE4Editor-CoreUObject.dll!GetPackageLinker() [d:\unrealengine-flex\engine\source\runtime\coreuobject\private\uobject\linker.cpp:613]
UE4Editor-CoreUObject.dll!LoadPackageInternal() [d:\unrealengine-flex\engine\source\runtime\coreuobject\private\uobject\uobjectglobals.cpp:1087]
UE4Editor-CoreUObject.dll!LoadPackageInternal() [d:\unrealengine-flex\engine\source\runtime\coreuobject\private\uobject\uobjectglobals.cpp:1286]
UE4Editor-CoreUObject.dll!FLinkerLoad::VerifyImportInner() [d:\unrealengine-flex\engine\source\runtime\coreuobject\private\uobject\linkerload.cpp:2457]
UE4Editor-CoreUObject.dll!FLinkerLoad::VerifyImport() [d:\unrealengine-flex\engine\source\runtime\coreuobject\private\uobject\linkerload.cpp:2212]
UE4Editor-CoreUObject.dll!FLinkerLoad::VerifyImportInner() [d:\unrealengine-flex\engine\source\runtime\coreuobject\private\uobject\linkerload.cpp:2505]
UE4Editor-CoreUObject.dll!FLinkerLoad::VerifyImport() [d:\unrealengine-flex\engine\source\runtime\coreuobject\private\uobject\linkerload.cpp:2212]
UE4Editor-CoreUObject.dll!FLinkerLoad::Verify() [d:\unrealengine-flex\engine\source\runtime\coreuobject\private\uobject\linkerload.cpp:1995]
UE4Editor-CoreUObject.dll!FLinkerLoad::FinalizeCreation() [d:\unrealengine-flex\engine\source\runtime\coreuobject\private\uobject\linkerload.cpp:1905]
UE4Editor-CoreUObject.dll!FLinkerLoad::Tick() [d:\unrealengine-flex\engine\source\runtime\coreuobject\private\uobject\linkerload.cpp:704]
UE4Editor-CoreUObject.dll!FLinkerLoad::CreateLinker() [d:\unrealengine-flex\engine\source\runtime\coreuobject\private\uobject\linkerload.cpp:428]
UE4Editor-CoreUObject.dll!GetPackageLinker() [d:\unrealengine-flex\engine\source\runtime\coreuobject\private\uobject\linker.cpp:613]
UE4Editor-CoreUObject.dll!LoadPackageInternal() [d:\unrealengine-flex\engine\source\runtime\coreuobject\private\uobject\uobjectglobals.cpp:1087]
UE4Editor-CoreUObject.dll!LoadPackageInternal() [d:\unrealengine-flex\engine\source\runtime\coreuobject\private\uobject\uobjectglobals.cpp:1286]
UE4Editor-CoreUObject.dll!FLinkerLoad::VerifyImportInner() [d:\unrealengine-flex\engine\source\runtime\coreuobject\private\uobject\linkerload.cpp:2457]
UE4Editor-CoreUObject.dll!FLinkerLoad::VerifyImport() [d:\unrealengine-flex\engine\source\runtime\coreuobject\private\uobject\linkerload.cpp:2212]
UE4Editor-CoreUObject.dll!FLinkerLoad::VerifyImportInner() [d:\unrealengine-flex\engine\source\runtime\coreuobject\private\uobject\linkerload.cpp:2505]
UE4Editor-CoreUObject.dll!FLinkerLoad::VerifyImport() [d:\unrealengine-flex\engine\source\runtime\coreuobject\private\uobject\linkerload.cpp:2212]
UE4Editor-CoreUObject.dll!FLinkerLoad::Verify() [d:\unrealengine-flex\engine\source\runtime\coreuobject\private\uobject\linkerload.cpp:1995]


[2017.02.08-15.48.53:744][498]LogExit: Executing StaticShutdownAfterError
[2017.02.08-15.48.53:924][498]LogWindows: FPlatformMisc::RequestExit(1)
[2017.02.08-15.48.53:924][498]Log file closed, 02/08/17 15:48:53
